<?xml version="1.0" encoding="utf-8"?><testsuites name="pytest tests"><testsuite name="pytest" errors="0" failures="0" skipped="0" tests="9" time="10.862" timestamp="2026-08-18T16:14:03.698127+00:00" hostname="agent-env-2854a6bd-b623-4ff1-a815-a449273aa807"><testcase classname="tests.test_comparison" name="test_1_snapshot_weekly_first" time="1.124" /><testcase classname="tests.test_comparison" name="test_2_compare_baseline" time="1.221" /><testcase classname="tests.test_comparison" name="test_3_snapshot_weekly_second_and_compare" time="1.819" /><testcase classname="tests.test_comparison" name="test_4_list_snapshots_weekly" time="0.143" /><testcase classname="tests.test_comparison" name="test_5_period_isolation_monthly" time="1.040" /><testcase classname="tests.test_comparison" name="test_6_quarterly_snapshot" time="0.666" /><testcase classname="tests.test_comparison" name="test_7_delete_snapshot" time="0.976" /><testcase classname="tests.test_comparison" name="test_8_invalid_period_rejected" time="0.628" /><testcase classname="tests.test_comparison" name="test_9_valid_periods_accepted" time="2.912" /></testsuite></testsuites>