<?xml version="1.0" encoding="utf-8"?><testsuites name="pytest tests"><testsuite name="pytest" errors="0" failures="0" skipped="0" tests="12" time="6.177" timestamp="2026-08-18T15:33:33.484149+00:00" hostname="agent-env-2854a6bd-b623-4ff1-a815-a449273aa807"><testcase classname="tests.test_detection_rules" name="test_01_empty_tenant_returns_empty" time="1.412" /><testcase classname="tests.test_detection_rules" name="test_02_upload_rules_catalog" time="0.449" /><testcase classname="tests.test_detection_rules" name="test_03_detection_live_after_rules" time="0.089" /><testcase classname="tests.test_detection_rules" name="test_04_upload_xsoar_match" time="0.158" /><testcase classname="tests.test_detection_rules" name="test_05_rule_effectiveness_populated" time="0.093" /><testcase classname="tests.test_detection_rules" name="test_06_upload_logval" time="0.091" /><testcase classname="tests.test_detection_rules" name="test_07_priority_pie_present" time="0.098" /><testcase classname="tests.test_detection_rules" name="test_08_delete_endpoints_clean" time="0.259" /><testcase classname="tests.test_detection_rules" name="test_09_upload_rules_and_id_xsoar_globalbank" time="0.651" /><testcase classname="tests.test_detection_rules" name="test_10_rule_id_matching_populated" time="0.090" /><testcase classname="tests.test_detection_rules" name="test_11_rules_only_tenant" time="0.647" /><testcase classname="tests.test_detection_rules" name="test_12_final_cleanup_all_tenants" time="1.806" /></testsuite></testsuites>