<?xml version="1.0" encoding="utf-8"?><testsuites name="pytest tests"><testsuite name="pytest" errors="0" failures="0" skipped="0" tests="8" time="2.535" timestamp="2026-08-18T15:15:03.493355+00:00" hostname="agent-env-2854a6bd-b623-4ff1-a815-a449273aa807"><testcase classname="tests.test_detection_rules" name="test_01_empty_tenant_returns_empty" time="0.897" /><testcase classname="tests.test_detection_rules" name="test_02_upload_rules_catalog" time="0.456" /><testcase classname="tests.test_detection_rules" name="test_03_detection_live_after_rules" time="0.095" /><testcase classname="tests.test_detection_rules" name="test_04_upload_xsoar_match" time="0.172" /><testcase classname="tests.test_detection_rules" name="test_05_rule_effectiveness_populated" time="0.099" /><testcase classname="tests.test_detection_rules" name="test_06_upload_logval" time="0.100" /><testcase classname="tests.test_detection_rules" name="test_07_priority_pie_present" time="0.111" /><testcase classname="tests.test_detection_rules" name="test_08_delete_endpoints_clean" time="0.532" /></testsuite></testsuites>