<?xml version="1.0" encoding="utf-8"?><testsuites name="pytest tests"><testsuite name="pytest" errors="0" failures="1" skipped="0" tests="22" time="4.643" timestamp="2026-08-18T09:57:48.363904+00:00" hostname="agent-env-2854a6bd-b623-4ff1-a815-a449273aa807"><testcase classname="tests.test_live_only.TestEmptyStateContracts" name="test_dashboard_empty[all-/dashboard/executive]" time="0.917" /><testcase classname="tests.test_live_only.TestEmptyStateContracts" name="test_dashboard_empty[all-/dashboard/client]" time="0.282" /><testcase classname="tests.test_live_only.TestAuthPersonasRemoved" name="test_admin_login_ok" time="1.415" /><testcase classname="tests.test_live_only.TestEmptyStateContracts" name="test_dashboard_empty[all-/dashboard/detection-engineering]" time="0.250" /><testcase classname="tests.test_live_only.TestAuthPersonasRemoved" name="test_persona_login_rejected[persona0]" time="0.106" /><testcase classname="tests.test_live_only.TestEmptyStateContracts" name="test_dashboard_empty[all-/dashboard/soc-manager]" time="0.135" /><testcase classname="tests.test_live_only.TestAuthPersonasRemoved" name="test_persona_login_rejected[persona1]" time="0.159" /><testcase classname="tests.test_live_only.TestEmptyStateContracts" name="test_dashboard_empty[all-/dashboard/soar-automation]" time="0.158" /><testcase classname="tests.test_live_only.TestAuthPersonasRemoved" name="test_persona_login_rejected[persona2]" time="0.097" /><testcase classname="tests.test_live_only.TestEmptyStateContracts" name="test_dashboard_empty[globalbank-/dashboard/executive]" time="0.198" /><testcase classname="tests.test_live_only.TestPPTXExport" name="test_pptx_empty_tenant" time="1.457" /><testcase classname="tests.test_live_only.TestEmptyStateContracts" name="test_dashboard_empty[globalbank-/dashboard/client]" time="0.108" /><testcase classname="tests.test_live_only.TestEmptyStateContracts" name="test_dashboard_empty[globalbank-/dashboard/detection-engineering]" time="0.134" /><testcase classname="tests.test_live_only.TestEmptyStateContracts" name="test_dashboard_empty[globalbank-/dashboard/soc-manager]" time="0.164" /><testcase classname="tests.test_live_only.TestEmptyStateContracts" name="test_dashboard_empty[globalbank-/dashboard/soar-automation]" time="0.124" /><testcase classname="tests.test_live_only.TestEmptyStateContracts" name="test_executive_recommendations_empty" time="0.105" /><testcase classname="tests.test_live_only.TestEmptyStateContracts" name="test_ai_insights_empty" time="0.102" /><testcase classname="tests.test_live_only.TestEmptyStateContracts" name="test_threat_intel_zero" time="0.102"><failure message="assert 404 == 200&#10; +  where 404 = &lt;Response [404]&gt;.status_code">backend/tests/test_live_only.py:108: in test_threat_intel_zero
    assert r.status_code == 200
E   assert 404 == 200
E    +  where 404 = &lt;Response [404]&gt;.status_code</failure></testcase><testcase classname="tests.test_live_only.TestScheduledReports" name="test_create_run_delete" time="0.616" /><testcase classname="tests.test_live_only.TestPPTXExport" name="test_pptx_live_tenant" time="0.473" /><testcase classname="tests.test_live_only.TestIRISCopilotFallback" name="test_iris_no_data_no_crash" time="0.336" /><testcase classname="tests.test_live_only.TestLivePathAfterUpload" name="test_upload_xsoar_and_live_dashboards" time="0.595" /></testsuite></testsuites>