<?xml version="1.0" encoding="utf-8"?><testsuites name="pytest tests"><testsuite name="pytest" errors="0" failures="1" skipped="0" tests="9" time="2.592" timestamp="2026-08-18T09:31:37.651953+00:00" hostname="agent-env-2854a6bd-b623-4ff1-a815-a449273aa807"><testcase classname="tests.test_phase6.TestDetectionOverlay" name="test_live_when_uploaded" time="0.748" /><testcase classname="tests.test_phase6.TestDashboardsRegression" name="test_dashboard[executive-overview]" time="0.865"><failure message="AssertionError: executive-overview: 404 {&quot;detail&quot;:&quot;Not Found&quot;}&#10;assert 404 == 200&#10; +  where 404 = &lt;Response [404]&gt;.status_code">backend/tests/test_phase6.py:138: in test_dashboard
    assert r.status_code == 200, f"{path}: {r.status_code} {r.text[:200]}"
E   AssertionError: executive-overview: 404 {"detail":"Not Found"}
E   assert 404 == 200
E    +  where 404 = &lt;Response [404]&gt;.status_code</failure></testcase><testcase classname="tests.test_phase6.TestDetectionOverlay" name="test_fallback_without_upload" time="0.229" /><testcase classname="tests.test_phase6.TestDashboardsRegression" name="test_dashboard[soc-manager]" time="0.168" /><testcase classname="tests.test_phase6.TestIrisLiveXsoar" name="test_fp_rate_question" time="0.194" /><testcase classname="tests.test_phase6.TestDashboardsRegression" name="test_dashboard[detection-engineering]" time="0.157" /><testcase classname="tests.test_phase6.TestReportSchedules" name="test_full_flow" time="1.106" /><testcase classname="tests.test_phase6.TestDashboardsRegression" name="test_dashboard[threat-intel]" time="0.122" /><testcase classname="tests.test_phase6.TestDashboardsRegression" name="test_dashboard[soar-automation]" time="0.107" /></testsuite></testsuites>