<?xml version="1.0" encoding="utf-8"?><testsuites name="pytest tests"><testsuite name="pytest" errors="0" failures="0" skipped="0" tests="23" time="270.761" timestamp="2026-07-08T18:55:42.757492+00:00" hostname="agent-env-40b058b9-5181-46eb-b563-d07dd2fd74b6"><testcase classname="tests.test_v2_features.TestTenants" name="test_list_tenants_requires_auth" time="0.004" /><testcase classname="tests.test_v2_features.TestPPTX" name="test_export_pptx_all_tenants" time="56.363" /><testcase classname="tests.test_v2_features.TestTenants" name="test_list_default_tenants" time="56.314" /><testcase classname="tests.test_v2_features.TestTenants" name="test_create_tenant" time="86.238" /><testcase classname="tests.test_v2_features.TestPPTX" name="test_export_pptx_acme_branding" time="44.821" /><testcase classname="tests.test_v2_features.TestPPTX" name="test_export_pptx_filename" time="41.415" /><testcase classname="tests.test_v2_features.TestTenants" name="test_create_tenant_duplicate" time="0.311" /><testcase classname="tests.test_v2_features.TestPPTX" name="test_export_pptx_requires_auth" time="0.216" /><testcase classname="tests.test_v2_features.TestEmail" name="test_send_email_console_mode" time="55.607" /><testcase classname="tests.test_v2_features.TestTenants" name="test_patch_tenant_updates_branding" time="55.735" /><testcase classname="tests.test_v2_features.TestEmail" name="test_send_email_no_attachment" time="0.004" /><testcase classname="tests.test_v2_features.TestEmail" name="test_email_history_returns_records" time="0.189" /><testcase classname="tests.test_v2_features.TestTenants" name="test_upload_logo" time="0.125" /><testcase classname="tests.test_v2_features.TestEmail" name="test_email_send_requires_auth" time="0.154" /><testcase classname="tests.test_v2_features.TestTenants" name="test_upload_logo_rejects_non_image" time="0.117" /><testcase classname="tests.test_v2_features.TestTenantScopedDashboards" name="test_executive_all_vs_acme_differ" time="0.209" /><testcase classname="tests.test_v2_features.TestTenants" name="test_upload_tenants_csv" time="0.238" /><testcase classname="tests.test_v2_features.TestTenantScopedDashboards" name="test_executive_acme_vs_globalbank_differ" time="0.216" /><testcase classname="tests.test_v2_features.TestTenants" name="test_upload_tenants_csv_missing_columns" time="0.119" /><testcase classname="tests.test_v2_features.TestTenantScopedDashboards" name="test_unknown_tenant_falls_back_to_all" time="0.106" /><testcase classname="tests.test_v2_features.TestAI" name="test_ai_status" time="0.156" /><testcase classname="tests.test_v2_features.TestAI" name="test_ai_status_requires_auth" time="0.108" /><testcase classname="tests.test_v2_features.TestAI" name="test_ai_insights_returns_reasoning" time="70.953" /></testsuite></testsuites>