<?xml version="1.0" encoding="utf-8"?><testsuites name="pytest tests"><testsuite name="pytest" errors="0" failures="6" skipped="0" tests="69" time="138.196" timestamp="2026-07-08T20:59:52.927192+00:00" hostname="agent-env-40b058b9-5181-46eb-b563-d07dd2fd74b6"><testcase classname="tests.test_pptx_export.TestSourceCode" name="test_source_has_no_matplotlib" time="0.001" /><testcase classname="tests.test_pptx_export.TestSourceCode" name="test_source_has_no_picture_insert" time="0.000" /><testcase classname="tests.test_pptx_export.TestSourceCode" name="test_source_uses_native_chart_api" time="0.002" /><testcase classname="tests.test_pptx_export.TestSourceCode" name="test_source_dead_loop_removed" time="0.000" /><testcase classname="tests.test_pptx_export.TestSourceCode" name="test_source_total_slide_count_is_15" time="0.000" /><testcase classname="tests.test_pptx_export.TestSourceCode" name="test_source_no_dashboard_style_imports" time="0.000" /><testcase classname="tests.test_pptx_export.TestPptxArchive" name="test_endpoint_returns_valid_pptx[variant0]" time="137.863" /><testcase classname="tests.test_pptx_export.TestPptxArchive" name="test_endpoint_returns_valid_pptx[variant1]" time="0.001" /><testcase classname="tests.test_pptx_export.TestPptxArchive" name="test_endpoint_returns_valid_pptx[variant2]" time="0.000" /><testcase classname="tests.test_pptx_export.TestPptxArchive" name="test_zero_images_in_ppt_media[variant0]" time="0.000" /><testcase classname="tests.test_pptx_export.TestPptxArchive" name="test_zero_images_in_ppt_media[variant1]" time="0.000" /><testcase classname="tests.test_pptx_export.TestPptxArchive" name="test_zero_images_in_ppt_media[variant2]" time="0.000" /><testcase classname="tests.test_pptx_export.TestPptxArchive" name="test_zero_pic_elements_in_slides[variant0]" time="0.004" /><testcase classname="tests.test_pptx_export.TestPptxArchive" name="test_zero_pic_elements_in_slides[variant1]" time="0.004" /><testcase classname="tests.test_pptx_export.TestPptxArchive" name="test_zero_pic_elements_in_slides[variant2]" time="0.004" /><testcase classname="tests.test_pptx_export.TestPptxArchive" name="test_native_chart_xml_files_present[variant0]" time="0.001" /><testcase classname="tests.test_pptx_export.TestPptxArchive" name="test_native_chart_xml_files_present[variant1]" time="0.000" /><testcase classname="tests.test_pptx_export.TestPptxArchive" name="test_native_chart_xml_files_present[variant2]" time="0.000" /><testcase classname="tests.test_pptx_export.TestPptxArchive" name="test_chart_type_diversity[variant0]" time="0.002" /><testcase classname="tests.test_pptx_export.TestPptxArchive" name="test_chart_type_diversity[variant1]" time="0.001" /><testcase classname="tests.test_pptx_export.TestPptxArchive" name="test_chart_type_diversity[variant2]" time="0.001" /><testcase classname="tests.test_pptx_export.TestPptxArchive" name="test_native_tables_present[variant0]" time="0.004" /><testcase classname="tests.test_pptx_export.TestPptxArchive" name="test_native_tables_present[variant1]" time="0.004" /><testcase classname="tests.test_pptx_export.TestPptxArchive" name="test_native_tables_present[variant2]" time="0.004" /><testcase classname="tests.test_pptx_export.TestPptxArchive" name="test_excel_embeddings_present[variant0]" time="0.001" /><testcase classname="tests.test_pptx_export.TestPptxArchive" name="test_excel_embeddings_present[variant1]" time="0.000" /><testcase classname="tests.test_pptx_export.TestPptxArchive" name="test_excel_embeddings_present[variant2]" time="0.000" /><testcase classname="tests.test_pptx_export.TestPptxArchive" name="test_slide_count_and_anatomy[variant0]" time="0.000" /><testcase classname="tests.test_pptx_export.TestPptxArchive" name="test_slide_count_and_anatomy[variant1]" time="0.000" /><testcase classname="tests.test_pptx_export.TestPptxArchive" name="test_slide_count_and_anatomy[variant2]" time="0.000" /><testcase classname="tests.test_pptx_export.TestPptxArchive" name="test_slides_have_textboxes[variant0]" time="0.005" /><testcase classname="tests.test_pptx_export.TestPptxArchive" name="test_slides_have_textboxes[variant1]" time="0.005" /><testcase classname="tests.test_pptx_export.TestPptxArchive" name="test_slides_have_textboxes[variant2]" time="0.005" /><testcase classname="tests.test_pptx_export.TestPptxArchive" name="test_footer_page_indicators[variant0]" time="0.004" /><testcase classname="tests.test_pptx_export.TestPptxArchive" name="test_footer_page_indicators[variant1]" time="0.004" /><testcase classname="tests.test_pptx_export.TestPptxArchive" name="test_footer_page_indicators[variant2]" time="0.004" /><testcase classname="tests.test_pptx_export.TestPptxArchive" name="test_deck_size_reasonable[variant0]" time="0.000" /><testcase classname="tests.test_pptx_export.TestPptxArchive" name="test_deck_size_reasonable[variant1]" time="0.000" /><testcase classname="tests.test_pptx_export.TestPptxArchive" name="test_deck_size_reasonable[variant2]" time="0.000" /><testcase classname="tests.test_pptx_export.TestConsultingDesignOverhaul" name="test_exactly_15_slides[variant0]" time="0.000" /><testcase classname="tests.test_pptx_export.TestConsultingDesignOverhaul" name="test_exactly_15_slides[variant1]" time="0.000" /><testcase classname="tests.test_pptx_export.TestConsultingDesignOverhaul" name="test_exactly_15_slides[variant2]" time="0.000" /><testcase classname="tests.test_pptx_export.TestConsultingDesignOverhaul" name="test_ai_executive_insight_on_content_slides[variant0]" time="0.004" /><testcase classname="tests.test_pptx_export.TestConsultingDesignOverhaul" name="test_ai_executive_insight_on_content_slides[variant1]" time="0.004" /><testcase classname="tests.test_pptx_export.TestConsultingDesignOverhaul" name="test_ai_executive_insight_on_content_slides[variant2]" time="0.004" /><testcase classname="tests.test_pptx_export.TestConsultingDesignOverhaul" name="test_footer_shows_slash_15_and_no_cutoff[variant0]" time="0.004" /><testcase classname="tests.test_pptx_export.TestConsultingDesignOverhaul" name="test_footer_shows_slash_15_and_no_cutoff[variant1]" time="0.004" /><testcase classname="tests.test_pptx_export.TestConsultingDesignOverhaul" name="test_footer_shows_slash_15_and_no_cutoff[variant2]" time="0.004" /><testcase classname="tests.test_pptx_export.TestConsultingDesignOverhaul" name="test_insight_callout_above_footer[variant0]" time="0.005" /><testcase classname="tests.test_pptx_export.TestConsultingDesignOverhaul" name="test_insight_callout_above_footer[variant1]" time="0.005" /><testcase classname="tests.test_pptx_export.TestConsultingDesignOverhaul" name="test_insight_callout_above_footer[variant2]" time="0.005" /><testcase classname="tests.test_pptx_export.TestConsultingDesignOverhaul" name="test_white_background_and_navy_left_rail[variant0]" time="0.006"><failure message="AssertionError: Expected &gt;= 10 content slides with a white (#FFFFFF) fill in ('weekly', 'all'), got 9&#10;assert 9 &gt;= 10">tests/test_pptx_export.py:522: in test_white_background_and_navy_left_rail
    assert white_ok &gt;= 10, (
E   AssertionError: Expected &gt;= 10 content slides with a white (#FFFFFF) fill in ('weekly', 'all'), got 9
E   assert 9 &gt;= 10</failure></testcase><testcase classname="tests.test_pptx_export.TestConsultingDesignOverhaul" name="test_white_background_and_navy_left_rail[variant1]" time="0.006"><failure message="AssertionError: Expected &gt;= 10 content slides with a white (#FFFFFF) fill in ('monthly', 'acme-corp'), got 9&#10;assert 9 &gt;= 10">tests/test_pptx_export.py:522: in test_white_background_and_navy_left_rail
    assert white_ok &gt;= 10, (
E   AssertionError: Expected &gt;= 10 content slides with a white (#FFFFFF) fill in ('monthly', 'acme-corp'), got 9
E   assert 9 &gt;= 10</failure></testcase><testcase classname="tests.test_pptx_export.TestConsultingDesignOverhaul" name="test_white_background_and_navy_left_rail[variant2]" time="0.006"><failure message="AssertionError: Expected &gt;= 10 content slides with a white (#FFFFFF) fill in ('quarterly', 'globalbank'), got 9&#10;assert 9 &gt;= 10">tests/test_pptx_export.py:522: in test_white_background_and_navy_left_rail
    assert white_ok &gt;= 10, (
E   AssertionError: Expected &gt;= 10 content slides with a white (#FFFFFF) fill in ('quarterly', 'globalbank'), got 9
E   assert 9 &gt;= 10</failure></testcase><testcase classname="tests.test_pptx_export.TestConsultingDesignOverhaul" name="test_native_chart_type_census[variant0]" time="0.003" /><testcase classname="tests.test_pptx_export.TestConsultingDesignOverhaul" name="test_native_chart_type_census[variant1]" time="0.001" /><testcase classname="tests.test_pptx_export.TestConsultingDesignOverhaul" name="test_native_chart_type_census[variant2]" time="0.001" /><testcase classname="tests.test_pptx_export.TestConsultingDesignOverhaul" name="test_at_least_two_native_tables[variant0]" time="0.004" /><testcase classname="tests.test_pptx_export.TestConsultingDesignOverhaul" name="test_at_least_two_native_tables[variant1]" time="0.004" /><testcase classname="tests.test_pptx_export.TestConsultingDesignOverhaul" name="test_at_least_two_native_tables[variant2]" time="0.004" /><testcase classname="tests.test_pptx_export.TestConsultingDesignOverhaul" name="test_storytelling_titles_present[variant0]" time="0.004"><failure message="AssertionError: Storytelling narrative titles missing from ('weekly', 'all'): ['Executive Summary', 'Where we are', 'Threat &amp; Incident Landscape', 'Speed of Response', 'Threat Landscape', 'Detection Coverage', 'Client Impact', 'AI Recommendations', 'Next Steps']&#10;assert not ['Executive Summary', 'Where we are', 'Threat &amp; Incident Landscape', 'Speed of Response', 'Threat Landscape', 'Detection Coverage', ...]">tests/test_pptx_export.py:613: in test_storytelling_titles_present
    assert not missing, (
E   AssertionError: Storytelling narrative titles missing from ('weekly', 'all'): ['Executive Summary', 'Where we are', 'Threat &amp; Incident Landscape', 'Speed of Response', 'Threat Landscape', 'Detection Coverage', 'Client Impact', 'AI Recommendations', 'Next Steps']
E   assert not ['Executive Summary', 'Where we are', 'Threat &amp; Incident Landscape', 'Speed of Response', 'Threat Landscape', 'Detection Coverage', ...]</failure></testcase><testcase classname="tests.test_pptx_export.TestConsultingDesignOverhaul" name="test_storytelling_titles_present[variant1]" time="0.004"><failure message="AssertionError: Storytelling narrative titles missing from ('monthly', 'acme-corp'): ['Executive Summary', 'Where we are', 'Threat &amp; Incident Landscape', 'Speed of Response', 'Threat Landscape', 'Detection Coverage', 'Client Impact', 'AI Recommendations', 'Next Steps']&#10;assert not ['Executive Summary', 'Where we are', 'Threat &amp; Incident Landscape', 'Speed of Response', 'Threat Landscape', 'Detection Coverage', ...]">tests/test_pptx_export.py:613: in test_storytelling_titles_present
    assert not missing, (
E   AssertionError: Storytelling narrative titles missing from ('monthly', 'acme-corp'): ['Executive Summary', 'Where we are', 'Threat &amp; Incident Landscape', 'Speed of Response', 'Threat Landscape', 'Detection Coverage', 'Client Impact', 'AI Recommendations', 'Next Steps']
E   assert not ['Executive Summary', 'Where we are', 'Threat &amp; Incident Landscape', 'Speed of Response', 'Threat Landscape', 'Detection Coverage', ...]</failure></testcase><testcase classname="tests.test_pptx_export.TestConsultingDesignOverhaul" name="test_storytelling_titles_present[variant2]" time="0.004"><failure message="AssertionError: Storytelling narrative titles missing from ('quarterly', 'globalbank'): ['Executive Summary', 'Where we are', 'Threat &amp; Incident Landscape', 'Speed of Response', 'Threat Landscape', 'Detection Coverage', 'Client Impact', 'AI Recommendations', 'Next Steps']&#10;assert not ['Executive Summary', 'Where we are', 'Threat &amp; Incident Landscape', 'Speed of Response', 'Threat Landscape', 'Detection Coverage', ...]">tests/test_pptx_export.py:613: in test_storytelling_titles_present
    assert not missing, (
E   AssertionError: Storytelling narrative titles missing from ('quarterly', 'globalbank'): ['Executive Summary', 'Where we are', 'Threat &amp; Incident Landscape', 'Speed of Response', 'Threat Landscape', 'Detection Coverage', 'Client Impact', 'AI Recommendations', 'Next Steps']
E   assert not ['Executive Summary', 'Where we are', 'Threat &amp; Incident Landscape', 'Speed of Response', 'Threat Landscape', 'Detection Coverage', ...]</failure></testcase><testcase classname="tests.test_pptx_export.TestConsultingDesignOverhaul" name="test_client_impact_funnel_labels_present[variant0]" time="0.004" /><testcase classname="tests.test_pptx_export.TestConsultingDesignOverhaul" name="test_client_impact_funnel_labels_present[variant1]" time="0.004" /><testcase classname="tests.test_pptx_export.TestConsultingDesignOverhaul" name="test_client_impact_funnel_labels_present[variant2]" time="0.004" /><testcase classname="tests.test_pptx_export.TestConsultingDesignOverhaul" name="test_no_matplotlib_or_screenshots_in_source[variant0]" time="0.004" /><testcase classname="tests.test_pptx_export.TestConsultingDesignOverhaul" name="test_no_matplotlib_or_screenshots_in_source[variant1]" time="0.004" /><testcase classname="tests.test_pptx_export.TestConsultingDesignOverhaul" name="test_no_matplotlib_or_screenshots_in_source[variant2]" time="0.004" /></testsuite></testsuites>