<?xml version="1.0" encoding="utf-8"?><testsuites name="pytest tests"><testsuite name="pytest" errors="0" failures="0" skipped="0" tests="46" time="4.882" timestamp="2026-07-08T18:39:46.861821+00:00" hostname="agent-env-40b058b9-5181-46eb-b563-d07dd2fd74b6"><testcase classname="tests.backend_test.TestAuth" name="test_admin_login_success" time="0.460" /><testcase classname="tests.backend_test.TestAuth" name="test_invalid_credentials" time="0.446" /><testcase classname="tests.backend_test.TestDashboards" name="test_endpoint_period[weekly-/dashboard/executive]" time="0.910" /><testcase classname="tests.backend_test.TestAuth" name="test_unknown_email" time="0.048" /><testcase classname="tests.backend_test.TestDashboards" name="test_endpoint_period[weekly-/dashboard/soc-manager]" time="0.049" /><testcase classname="tests.backend_test.TestDashboards" name="test_endpoint_period[weekly-/dashboard/client]" time="0.270" /><testcase classname="tests.backend_test.TestAuth" name="test_me_with_bearer" time="0.321" /><testcase classname="tests.backend_test.TestDashboards" name="test_endpoint_period[weekly-/dashboard/detection-engineering]" time="0.050" /><testcase classname="tests.backend_test.TestAuth" name="test_me_without_token" time="0.119" /><testcase classname="tests.backend_test.TestDashboards" name="test_endpoint_period[weekly-/dashboard/threat-intel]" time="0.049" /><testcase classname="tests.backend_test.TestDashboards" name="test_endpoint_period[weekly-/dashboard/soar-automation]" time="0.046" /><testcase classname="tests.backend_test.TestDashboards" name="test_endpoint_period[monthly-/dashboard/executive]" time="0.053" /><testcase classname="tests.backend_test.TestAuth" name="test_dashboard_requires_auth" time="0.886" /><testcase classname="tests.backend_test.TestDashboards" name="test_endpoint_period[monthly-/dashboard/soc-manager]" time="0.047" /><testcase classname="tests.backend_test.TestDashboards" name="test_endpoint_period[monthly-/dashboard/client]" time="0.050" /><testcase classname="tests.backend_test.TestDashboards" name="test_endpoint_period[monthly-/dashboard/detection-engineering]" time="0.051" /><testcase classname="tests.backend_test.TestDashboards" name="test_endpoint_period[monthly-/dashboard/threat-intel]" time="0.052" /><testcase classname="tests.backend_test.TestDashboards" name="test_endpoint_period[monthly-/dashboard/soar-automation]" time="0.046" /><testcase classname="tests.backend_test.TestDashboards" name="test_endpoint_period[quarterly-/dashboard/executive]" time="0.056" /><testcase classname="tests.backend_test.TestDashboards" name="test_endpoint_period[quarterly-/dashboard/soc-manager]" time="0.051" /><testcase classname="tests.backend_test.TestDashboards" name="test_endpoint_period[quarterly-/dashboard/client]" time="0.047" /><testcase classname="tests.backend_test.TestDashboards" name="test_endpoint_period[quarterly-/dashboard/detection-engineering]" time="0.044" /><testcase classname="tests.backend_test.TestDashboards" name="test_endpoint_period[quarterly-/dashboard/threat-intel]" time="0.048" /><testcase classname="tests.backend_test.TestDashboards" name="test_endpoint_period[quarterly-/dashboard/soar-automation]" time="0.048" /><testcase classname="tests.backend_test.TestDashboards" name="test_invalid_period" time="0.047" /><testcase classname="tests.backend_test.TestDashboards" name="test_executive_shape" time="0.050" /><testcase classname="tests.backend_test.TestDashboards" name="test_soc_manager_shape" time="0.048" /><testcase classname="tests.backend_test.TestDashboards" name="test_detection_engineering_shape" time="0.051" /><testcase classname="tests.backend_test.TestDashboards" name="test_threat_intel_shape" time="0.047" /><testcase classname="tests.backend_test.TestDashboards" name="test_soar_shape" time="0.048" /><testcase classname="tests.backend_test.TestDashboards" name="test_client_shape" time="0.047" /><testcase classname="tests.backend_test.TestAuth" name="test_persona_login[soc.manager@mssp-soc.io-SocManager@2026!-soc_manager]" time="0.321" /><testcase classname="tests.backend_test.TestDashboards" name="test_period_variation" time="0.560" /><testcase classname="tests.backend_test.TestAuth" name="test_persona_login[client@mssp-soc.io-Client@2026!-client]" time="0.314" /><testcase classname="tests.backend_test.TestDashboards" name="test_no_mongo_objectid_leaks" time="0.944" /><testcase classname="tests.backend_test.TestAuth" name="test_persona_login[detection@mssp-soc.io-Detection@2026!-detection_engineer]" time="0.317" /><testcase classname="tests.backend_test.TestAuth" name="test_persona_login[ti.analyst@mssp-soc.io-TiAnalyst@2026!-ti_analyst]" time="0.314" /><testcase classname="tests.backend_test.TestAuth" name="test_persona_login[automation@mssp-soc.io-Automation@2026!-automation_engineer]" time="0.271" /><testcase classname="tests.backend_test.TestHealth" name="test_root" time="0.051" /><testcase classname="tests.backend_test.TestUpload" name="test_upload_csv_all_sources[qradar]" time="0.122" /><testcase classname="tests.backend_test.TestUpload" name="test_upload_csv_all_sources[xsoar]" time="0.104" /><testcase classname="tests.backend_test.TestUpload" name="test_upload_csv_all_sources[threat_intel]" time="0.115" /><testcase classname="tests.backend_test.TestUpload" name="test_upload_invalid_source" time="0.105" /><testcase classname="tests.backend_test.TestUpload" name="test_upload_unsupported_file" time="0.115" /><testcase classname="tests.backend_test.TestUpload" name="test_upload_requires_auth" time="0.106" /><testcase classname="tests.backend_test.TestUpload" name="test_upload_history" time="0.049" /></testsuite></testsuites>