<?xml version="1.0" encoding="utf-8"?><testsuites name="pytest tests"><testsuite name="pytest" errors="0" failures="0" skipped="0" tests="52" time="31.600" timestamp="2026-08-18T08:19:52.770122+00:00" hostname="agent-env-2854a6bd-b623-4ff1-a815-a449273aa807"><testcase classname="tests.backend_test.TestAuth" name="test_admin_login_success" time="1.207" /><testcase classname="tests.backend_test.TestAuth" name="test_invalid_credentials" time="0.445" /><testcase classname="tests.backend_test.TestDashboards" name="test_endpoint_period[weekly-/dashboard/executive]" time="1.652" /><testcase classname="tests.backend_test.TestDashboards" name="test_endpoint_period[weekly-/dashboard/soc-manager]" time="0.060" /><testcase classname="tests.backend_test.TestAuth" name="test_unknown_email" time="0.067" /><testcase classname="tests.backend_test.TestDashboards" name="test_endpoint_period[weekly-/dashboard/client]" time="0.059" /><testcase classname="tests.backend_test.TestDashboards" name="test_endpoint_period[weekly-/dashboard/detection-engineering]" time="0.241" /><testcase classname="tests.backend_test.TestDashboards" name="test_endpoint_period[weekly-/dashboard/threat-intel]" time="0.101" /><testcase classname="tests.backend_test.TestAuth" name="test_me_with_bearer" time="0.448" /><testcase classname="tests.backend_test.TestDashboards" name="test_endpoint_period[weekly-/dashboard/soar-automation]" time="0.063" /><testcase classname="tests.backend_test.TestAuth" name="test_me_without_token" time="0.110" /><testcase classname="tests.backend_test.TestDashboards" name="test_endpoint_period[monthly-/dashboard/executive]" time="0.088" /><testcase classname="tests.backend_test.TestDashboards" name="test_endpoint_period[monthly-/dashboard/soc-manager]" time="0.100" /><testcase classname="tests.backend_test.TestAuth" name="test_dashboard_requires_auth" time="0.792" /><testcase classname="tests.backend_test.TestDashboards" name="test_endpoint_period[monthly-/dashboard/client]" time="0.103" /><testcase classname="tests.backend_test.TestDashboards" name="test_endpoint_period[monthly-/dashboard/detection-engineering]" time="0.069" /><testcase classname="tests.backend_test.TestDashboards" name="test_endpoint_period[monthly-/dashboard/threat-intel]" time="0.098" /><testcase classname="tests.backend_test.TestDashboards" name="test_endpoint_period[monthly-/dashboard/soar-automation]" time="0.060" /><testcase classname="tests.backend_test.TestDashboards" name="test_endpoint_period[quarterly-/dashboard/executive]" time="0.061" /><testcase classname="tests.backend_test.TestDashboards" name="test_endpoint_period[quarterly-/dashboard/soc-manager]" time="0.060" /><testcase classname="tests.backend_test.TestDashboards" name="test_endpoint_period[quarterly-/dashboard/client]" time="0.060" /><testcase classname="tests.backend_test.TestDashboards" name="test_endpoint_period[quarterly-/dashboard/detection-engineering]" time="0.059" /><testcase classname="tests.backend_test.TestDashboards" name="test_endpoint_period[quarterly-/dashboard/threat-intel]" time="0.057" /><testcase classname="tests.backend_test.TestDashboards" name="test_endpoint_period[quarterly-/dashboard/soar-automation]" time="0.057" /><testcase classname="tests.backend_test.TestDashboards" name="test_invalid_period" time="0.056" /><testcase classname="tests.backend_test.TestAuth" name="test_persona_login[soc.manager@mssp-soc.io-SocManager@2026!-soc_manager]" time="1.353" /><testcase classname="tests.backend_test.TestDashboards" name="test_executive_shape" time="1.305" /><testcase classname="tests.backend_test.TestDashboards" name="test_soc_manager_shape" time="0.059" /><testcase classname="tests.backend_test.TestAuth" name="test_persona_login[client@mssp-soc.io-Client@2026!-client]" time="0.293" /><testcase classname="tests.backend_test.TestDashboards" name="test_detection_engineering_shape" time="0.534" /><testcase classname="tests.backend_test.TestAuth" name="test_persona_login[detection@mssp-soc.io-Detection@2026!-detection_engineer]" time="0.303" /><testcase classname="tests.backend_test.TestDashboards" name="test_threat_intel_shape" time="0.059" /><testcase classname="tests.backend_test.TestAuth" name="test_persona_login[ti.analyst@mssp-soc.io-TiAnalyst@2026!-ti_analyst]" time="0.302" /><testcase classname="tests.backend_test.TestDashboards" name="test_soar_shape" time="0.246" /><testcase classname="tests.backend_test.TestDashboards" name="test_client_shape" time="0.058" /><testcase classname="tests.backend_test.TestAuth" name="test_persona_login[automation@mssp-soc.io-Automation@2026!-automation_engineer]" time="0.295" /><testcase classname="tests.backend_test.TestDashboards" name="test_period_variation" time="0.410" /><testcase classname="tests.backend_test.TestUpload" name="test_upload_csv_all_sources[qradar]" time="0.155" /><testcase classname="tests.backend_test.TestUpload" name="test_upload_csv_all_sources[xsoar]" time="0.132" /><testcase classname="tests.backend_test.TestDashboards" name="test_no_mongo_objectid_leaks" time="0.486" /><testcase classname="tests.backend_test.TestUpload" name="test_upload_csv_all_sources[threat_intel]" time="0.132" /><testcase classname="tests.backend_test.TestUpload" name="test_upload_invalid_source" time="0.190" /><testcase classname="tests.backend_test.TestUpload" name="test_upload_unsupported_file" time="0.116" /><testcase classname="tests.backend_test.TestUpload" name="test_upload_requires_auth" time="0.280" /><testcase classname="tests.test_smoke_phase5.TestTenants" name="test_list_tenants" time="0.492" /><testcase classname="tests.backend_test.TestUpload" name="test_upload_history" time="0.088" /><testcase classname="tests.backend_test.TestHealth" name="test_root" time="0.110" /><testcase classname="tests.test_smoke_phase5.TestTenants" name="test_tenants_requires_auth" time="0.105" /><testcase classname="tests.test_smoke_phase5.TestCopilot" name="test_status" time="0.304" /><testcase classname="tests.test_smoke_phase5.TestAIInsights" name="test_insights" time="16.128" /><testcase classname="tests.test_smoke_phase5.TestCopilot" name="test_chat" time="15.787" /><testcase classname="tests.test_smoke_phase5.TestPPTXExport" name="test_pptx_download" time="8.203" /></testsuite></testsuites>