<?xml version="1.0" encoding="utf-8"?><testsuites name="pytest tests"><testsuite name="pytest" errors="63" failures="1" skipped="0" tests="138" time="595.678" timestamp="2026-07-08T20:49:36.066781+00:00" hostname="agent-env-40b058b9-5181-46eb-b563-d07dd2fd74b6"><testcase classname="tests.test_pptx_export.TestConsultingDesignOverhaul" name="test_exactly_15_slides[variant0]" time="60.540"><error message="failed on setup with &quot;AssertionError: export failed for weekly/all: 502 &lt;!DOCTYPE html&gt;&#10;  &lt;!--[if lt IE 7]&gt; &lt;html class=&quot;no-js ie6 oldie&quot; lang=&quot;en-US&quot;&gt; &lt;![endif]--&gt;&#10;  &lt;!--[if IE 7]&gt;    &lt;html class=&quot;no-js ie7 oldie&quot; lang=&quot;en-US&quot;&gt; &lt;![endif]--&gt;&#10;  &lt;!--[if IE 8]&gt;    &lt;html class=&quot;no-js ie8 oldie&quot; lang=&quot;en-US&quot;&gt; &lt;![endif]--&gt;&#10;  &lt;!--[if gt IE 8]&gt;&lt;!--&gt; &lt;html class=&quot;no-js&quot; lang=&quot;en-US&quot;&gt; &lt;!--&lt;![endif]--&gt;&#10;  &lt;head&gt;&#10;  &#10;  &lt;title&gt;preview.emergentagent.com | 502: Bad gateway&lt;/title&gt;&#10;  &lt;meta charset=&quot;UT&#10;assert 502 == 200&#10; +  where 502 = &lt;Response [502]&gt;.status_code&quot;">tests/test_pptx_export.py:67: in pptx_files
    assert r.status_code == 200, (
E   AssertionError: export failed for weekly/all: 502 &lt;!DOCTYPE html&gt;
E     &lt;!--[if lt IE 7]&gt; &lt;html class="no-js ie6 oldie" lang="en-US"&gt; &lt;![endif]--&gt;
E     &lt;!--[if IE 7]&gt;    &lt;html class="no-js ie7 oldie" lang="en-US"&gt; &lt;![endif]--&gt;
E     &lt;!--[if IE 8]&gt;    &lt;html class="no-js ie8 oldie" lang="en-US"&gt; &lt;![endif]--&gt;
E     &lt;!--[if gt IE 8]&gt;&lt;!--&gt; &lt;html class="no-js" lang="en-US"&gt; &lt;!--&lt;![endif]--&gt;
E     &lt;head&gt;
E     
E     &lt;title&gt;preview.emergentagent.com | 502: Bad gateway&lt;/title&gt;
E     &lt;meta charset="UT
E   assert 502 == 200
E    +  where 502 = &lt;Response [502]&gt;.status_code</error></testcase><testcase classname="tests.test_pptx_export.TestConsultingDesignOverhaul" name="test_exactly_15_slides[variant1]" time="0.000"><error message="failed on setup with &quot;AssertionError: export failed for weekly/all: 502 &lt;!DOCTYPE html&gt;&#10;  &lt;!--[if lt IE 7]&gt; &lt;html class=&quot;no-js ie6 oldie&quot; lang=&quot;en-US&quot;&gt; &lt;![endif]--&gt;&#10;  &lt;!--[if IE 7]&gt;    &lt;html class=&quot;no-js ie7 oldie&quot; lang=&quot;en-US&quot;&gt; &lt;![endif]--&gt;&#10;  &lt;!--[if IE 8]&gt;    &lt;html class=&quot;no-js ie8 oldie&quot; lang=&quot;en-US&quot;&gt; &lt;![endif]--&gt;&#10;  &lt;!--[if gt IE 8]&gt;&lt;!--&gt; &lt;html class=&quot;no-js&quot; lang=&quot;en-US&quot;&gt; &lt;!--&lt;![endif]--&gt;&#10;  &lt;head&gt;&#10;  &#10;  &lt;title&gt;preview.emergentagent.com | 502: Bad gateway&lt;/title&gt;&#10;  &lt;meta charset=&quot;UT&#10;assert 502 == 200&#10; +  where 502 = &lt;Response [502]&gt;.status_code&quot;">tests/test_pptx_export.py:67: in pptx_files
    assert r.status_code == 200, (
E   AssertionError: export failed for weekly/all: 502 &lt;!DOCTYPE html&gt;
E     &lt;!--[if lt IE 7]&gt; &lt;html class="no-js ie6 oldie" lang="en-US"&gt; &lt;![endif]--&gt;
E     &lt;!--[if IE 7]&gt;    &lt;html class="no-js ie7 oldie" lang="en-US"&gt; &lt;![endif]--&gt;
E     &lt;!--[if IE 8]&gt;    &lt;html class="no-js ie8 oldie" lang="en-US"&gt; &lt;![endif]--&gt;
E     &lt;!--[if gt IE 8]&gt;&lt;!--&gt; &lt;html class="no-js" lang="en-US"&gt; &lt;!--&lt;![endif]--&gt;
E     &lt;head&gt;
E     
E     &lt;title&gt;preview.emergentagent.com | 502: Bad gateway&lt;/title&gt;
E     &lt;meta charset="UT
E   assert 502 == 200
E    +  where 502 = &lt;Response [502]&gt;.status_code</error></testcase><testcase classname="tests.test_pptx_export.TestConsultingDesignOverhaul" name="test_exactly_15_slides[variant2]" time="0.000"><error message="failed on setup with &quot;AssertionError: export failed for weekly/all: 502 &lt;!DOCTYPE html&gt;&#10;  &lt;!--[if lt IE 7]&gt; &lt;html class=&quot;no-js ie6 oldie&quot; lang=&quot;en-US&quot;&gt; &lt;![endif]--&gt;&#10;  &lt;!--[if IE 7]&gt;    &lt;html class=&quot;no-js ie7 oldie&quot; lang=&quot;en-US&quot;&gt; &lt;![endif]--&gt;&#10;  &lt;!--[if IE 8]&gt;    &lt;html class=&quot;no-js ie8 oldie&quot; lang=&quot;en-US&quot;&gt; &lt;![endif]--&gt;&#10;  &lt;!--[if gt IE 8]&gt;&lt;!--&gt; &lt;html class=&quot;no-js&quot; lang=&quot;en-US&quot;&gt; &lt;!--&lt;![endif]--&gt;&#10;  &lt;head&gt;&#10;  &#10;  &lt;title&gt;preview.emergentagent.com | 502: Bad gateway&lt;/title&gt;&#10;  &lt;meta charset=&quot;UT&#10;assert 502 == 200&#10; +  where 502 = &lt;Response [502]&gt;.status_code&quot;">tests/test_pptx_export.py:67: in pptx_files
    assert r.status_code == 200, (
E   AssertionError: export failed for weekly/all: 502 &lt;!DOCTYPE html&gt;
E     &lt;!--[if lt IE 7]&gt; &lt;html class="no-js ie6 oldie" lang="en-US"&gt; &lt;![endif]--&gt;
E     &lt;!--[if IE 7]&gt;    &lt;html class="no-js ie7 oldie" lang="en-US"&gt; &lt;![endif]--&gt;
E     &lt;!--[if IE 8]&gt;    &lt;html class="no-js ie8 oldie" lang="en-US"&gt; &lt;![endif]--&gt;
E     &lt;!--[if gt IE 8]&gt;&lt;!--&gt; &lt;html class="no-js" lang="en-US"&gt; &lt;!--&lt;![endif]--&gt;
E     &lt;head&gt;
E     
E     &lt;title&gt;preview.emergentagent.com | 502: Bad gateway&lt;/title&gt;
E     &lt;meta charset="UT
E   assert 502 == 200
E    +  where 502 = &lt;Response [502]&gt;.status_code</error></testcase><testcase classname="tests.test_pptx_export.TestConsultingDesignOverhaul" name="test_ai_executive_insight_on_content_slides[variant0]" time="0.001"><error message="failed on setup with &quot;AssertionError: export failed for weekly/all: 502 &lt;!DOCTYPE html&gt;&#10;  &lt;!--[if lt IE 7]&gt; &lt;html class=&quot;no-js ie6 oldie&quot; lang=&quot;en-US&quot;&gt; &lt;![endif]--&gt;&#10;  &lt;!--[if IE 7]&gt;    &lt;html class=&quot;no-js ie7 oldie&quot; lang=&quot;en-US&quot;&gt; &lt;![endif]--&gt;&#10;  &lt;!--[if IE 8]&gt;    &lt;html class=&quot;no-js ie8 oldie&quot; lang=&quot;en-US&quot;&gt; &lt;![endif]--&gt;&#10;  &lt;!--[if gt IE 8]&gt;&lt;!--&gt; &lt;html class=&quot;no-js&quot; lang=&quot;en-US&quot;&gt; &lt;!--&lt;![endif]--&gt;&#10;  &lt;head&gt;&#10;  &#10;  &lt;title&gt;preview.emergentagent.com | 502: Bad gateway&lt;/title&gt;&#10;  &lt;meta charset=&quot;UT&#10;assert 502 == 200&#10; +  where 502 = &lt;Response [502]&gt;.status_code&quot;">tests/test_pptx_export.py:67: in pptx_files
    assert r.status_code == 200, (
E   AssertionError: export failed for weekly/all: 502 &lt;!DOCTYPE html&gt;
E     &lt;!--[if lt IE 7]&gt; &lt;html class="no-js ie6 oldie" lang="en-US"&gt; &lt;![endif]--&gt;
E     &lt;!--[if IE 7]&gt;    &lt;html class="no-js ie7 oldie" lang="en-US"&gt; &lt;![endif]--&gt;
E     &lt;!--[if IE 8]&gt;    &lt;html class="no-js ie8 oldie" lang="en-US"&gt; &lt;![endif]--&gt;
E     &lt;!--[if gt IE 8]&gt;&lt;!--&gt; &lt;html class="no-js" lang="en-US"&gt; &lt;!--&lt;![endif]--&gt;
E     &lt;head&gt;
E     
E     &lt;title&gt;preview.emergentagent.com | 502: Bad gateway&lt;/title&gt;
E     &lt;meta charset="UT
E   assert 502 == 200
E    +  where 502 = &lt;Response [502]&gt;.status_code</error></testcase><testcase classname="tests.test_pptx_export.TestConsultingDesignOverhaul" name="test_ai_executive_insight_on_content_slides[variant1]" time="0.000"><error message="failed on setup with &quot;AssertionError: export failed for weekly/all: 502 &lt;!DOCTYPE html&gt;&#10;  &lt;!--[if lt IE 7]&gt; &lt;html class=&quot;no-js ie6 oldie&quot; lang=&quot;en-US&quot;&gt; &lt;![endif]--&gt;&#10;  &lt;!--[if IE 7]&gt;    &lt;html class=&quot;no-js ie7 oldie&quot; lang=&quot;en-US&quot;&gt; &lt;![endif]--&gt;&#10;  &lt;!--[if IE 8]&gt;    &lt;html class=&quot;no-js ie8 oldie&quot; lang=&quot;en-US&quot;&gt; &lt;![endif]--&gt;&#10;  &lt;!--[if gt IE 8]&gt;&lt;!--&gt; &lt;html class=&quot;no-js&quot; lang=&quot;en-US&quot;&gt; &lt;!--&lt;![endif]--&gt;&#10;  &lt;head&gt;&#10;  &#10;  &lt;title&gt;preview.emergentagent.com | 502: Bad gateway&lt;/title&gt;&#10;  &lt;meta charset=&quot;UT&#10;assert 502 == 200&#10; +  where 502 = &lt;Response [502]&gt;.status_code&quot;">tests/test_pptx_export.py:67: in pptx_files
    assert r.status_code == 200, (
E   AssertionError: export failed for weekly/all: 502 &lt;!DOCTYPE html&gt;
E     &lt;!--[if lt IE 7]&gt; &lt;html class="no-js ie6 oldie" lang="en-US"&gt; &lt;![endif]--&gt;
E     &lt;!--[if IE 7]&gt;    &lt;html class="no-js ie7 oldie" lang="en-US"&gt; &lt;![endif]--&gt;
E     &lt;!--[if IE 8]&gt;    &lt;html class="no-js ie8 oldie" lang="en-US"&gt; &lt;![endif]--&gt;
E     &lt;!--[if gt IE 8]&gt;&lt;!--&gt; &lt;html class="no-js" lang="en-US"&gt; &lt;!--&lt;![endif]--&gt;
E     &lt;head&gt;
E     
E     &lt;title&gt;preview.emergentagent.com | 502: Bad gateway&lt;/title&gt;
E     &lt;meta charset="UT
E   assert 502 == 200
E    +  where 502 = &lt;Response [502]&gt;.status_code</error></testcase><testcase classname="tests.test_pptx_export.TestConsultingDesignOverhaul" name="test_ai_executive_insight_on_content_slides[variant2]" time="0.000"><error message="failed on setup with &quot;AssertionError: export failed for weekly/all: 502 &lt;!DOCTYPE html&gt;&#10;  &lt;!--[if lt IE 7]&gt; &lt;html class=&quot;no-js ie6 oldie&quot; lang=&quot;en-US&quot;&gt; &lt;![endif]--&gt;&#10;  &lt;!--[if IE 7]&gt;    &lt;html class=&quot;no-js ie7 oldie&quot; lang=&quot;en-US&quot;&gt; &lt;![endif]--&gt;&#10;  &lt;!--[if IE 8]&gt;    &lt;html class=&quot;no-js ie8 oldie&quot; lang=&quot;en-US&quot;&gt; &lt;![endif]--&gt;&#10;  &lt;!--[if gt IE 8]&gt;&lt;!--&gt; &lt;html class=&quot;no-js&quot; lang=&quot;en-US&quot;&gt; &lt;!--&lt;![endif]--&gt;&#10;  &lt;head&gt;&#10;  &#10;  &lt;title&gt;preview.emergentagent.com | 502: Bad gateway&lt;/title&gt;&#10;  &lt;meta charset=&quot;UT&#10;assert 502 == 200&#10; +  where 502 = &lt;Response [502]&gt;.status_code&quot;">tests/test_pptx_export.py:67: in pptx_files
    assert r.status_code == 200, (
E   AssertionError: export failed for weekly/all: 502 &lt;!DOCTYPE html&gt;
E     &lt;!--[if lt IE 7]&gt; &lt;html class="no-js ie6 oldie" lang="en-US"&gt; &lt;![endif]--&gt;
E     &lt;!--[if IE 7]&gt;    &lt;html class="no-js ie7 oldie" lang="en-US"&gt; &lt;![endif]--&gt;
E     &lt;!--[if IE 8]&gt;    &lt;html class="no-js ie8 oldie" lang="en-US"&gt; &lt;![endif]--&gt;
E     &lt;!--[if gt IE 8]&gt;&lt;!--&gt; &lt;html class="no-js" lang="en-US"&gt; &lt;!--&lt;![endif]--&gt;
E     &lt;head&gt;
E     
E     &lt;title&gt;preview.emergentagent.com | 502: Bad gateway&lt;/title&gt;
E     &lt;meta charset="UT
E   assert 502 == 200
E    +  where 502 = &lt;Response [502]&gt;.status_code</error></testcase><testcase classname="tests.test_pptx_export.TestConsultingDesignOverhaul" name="test_footer_shows_slash_15_and_no_cutoff[variant0]" time="0.000"><error message="failed on setup with &quot;AssertionError: export failed for weekly/all: 502 &lt;!DOCTYPE html&gt;&#10;  &lt;!--[if lt IE 7]&gt; &lt;html class=&quot;no-js ie6 oldie&quot; lang=&quot;en-US&quot;&gt; &lt;![endif]--&gt;&#10;  &lt;!--[if IE 7]&gt;    &lt;html class=&quot;no-js ie7 oldie&quot; lang=&quot;en-US&quot;&gt; &lt;![endif]--&gt;&#10;  &lt;!--[if IE 8]&gt;    &lt;html class=&quot;no-js ie8 oldie&quot; lang=&quot;en-US&quot;&gt; &lt;![endif]--&gt;&#10;  &lt;!--[if gt IE 8]&gt;&lt;!--&gt; &lt;html class=&quot;no-js&quot; lang=&quot;en-US&quot;&gt; &lt;!--&lt;![endif]--&gt;&#10;  &lt;head&gt;&#10;  &#10;  &lt;title&gt;preview.emergentagent.com | 502: Bad gateway&lt;/title&gt;&#10;  &lt;meta charset=&quot;UT&#10;assert 502 == 200&#10; +  where 502 = &lt;Response [502]&gt;.status_code&quot;">tests/test_pptx_export.py:67: in pptx_files
    assert r.status_code == 200, (
E   AssertionError: export failed for weekly/all: 502 &lt;!DOCTYPE html&gt;
E     &lt;!--[if lt IE 7]&gt; &lt;html class="no-js ie6 oldie" lang="en-US"&gt; &lt;![endif]--&gt;
E     &lt;!--[if IE 7]&gt;    &lt;html class="no-js ie7 oldie" lang="en-US"&gt; &lt;![endif]--&gt;
E     &lt;!--[if IE 8]&gt;    &lt;html class="no-js ie8 oldie" lang="en-US"&gt; &lt;![endif]--&gt;
E     &lt;!--[if gt IE 8]&gt;&lt;!--&gt; &lt;html class="no-js" lang="en-US"&gt; &lt;!--&lt;![endif]--&gt;
E     &lt;head&gt;
E     
E     &lt;title&gt;preview.emergentagent.com | 502: Bad gateway&lt;/title&gt;
E     &lt;meta charset="UT
E   assert 502 == 200
E    +  where 502 = &lt;Response [502]&gt;.status_code</error></testcase><testcase classname="tests.test_pptx_export.TestConsultingDesignOverhaul" name="test_footer_shows_slash_15_and_no_cutoff[variant1]" time="0.000"><error message="failed on setup with &quot;AssertionError: export failed for weekly/all: 502 &lt;!DOCTYPE html&gt;&#10;  &lt;!--[if lt IE 7]&gt; &lt;html class=&quot;no-js ie6 oldie&quot; lang=&quot;en-US&quot;&gt; &lt;![endif]--&gt;&#10;  &lt;!--[if IE 7]&gt;    &lt;html class=&quot;no-js ie7 oldie&quot; lang=&quot;en-US&quot;&gt; &lt;![endif]--&gt;&#10;  &lt;!--[if IE 8]&gt;    &lt;html class=&quot;no-js ie8 oldie&quot; lang=&quot;en-US&quot;&gt; &lt;![endif]--&gt;&#10;  &lt;!--[if gt IE 8]&gt;&lt;!--&gt; &lt;html class=&quot;no-js&quot; lang=&quot;en-US&quot;&gt; &lt;!--&lt;![endif]--&gt;&#10;  &lt;head&gt;&#10;  &#10;  &lt;title&gt;preview.emergentagent.com | 502: Bad gateway&lt;/title&gt;&#10;  &lt;meta charset=&quot;UT&#10;assert 502 == 200&#10; +  where 502 = &lt;Response [502]&gt;.status_code&quot;">tests/test_pptx_export.py:67: in pptx_files
    assert r.status_code == 200, (
E   AssertionError: export failed for weekly/all: 502 &lt;!DOCTYPE html&gt;
E     &lt;!--[if lt IE 7]&gt; &lt;html class="no-js ie6 oldie" lang="en-US"&gt; &lt;![endif]--&gt;
E     &lt;!--[if IE 7]&gt;    &lt;html class="no-js ie7 oldie" lang="en-US"&gt; &lt;![endif]--&gt;
E     &lt;!--[if IE 8]&gt;    &lt;html class="no-js ie8 oldie" lang="en-US"&gt; &lt;![endif]--&gt;
E     &lt;!--[if gt IE 8]&gt;&lt;!--&gt; &lt;html class="no-js" lang="en-US"&gt; &lt;!--&lt;![endif]--&gt;
E     &lt;head&gt;
E     
E     &lt;title&gt;preview.emergentagent.com | 502: Bad gateway&lt;/title&gt;
E     &lt;meta charset="UT
E   assert 502 == 200
E    +  where 502 = &lt;Response [502]&gt;.status_code</error></testcase><testcase classname="tests.test_pptx_export.TestConsultingDesignOverhaul" name="test_footer_shows_slash_15_and_no_cutoff[variant2]" time="0.000"><error message="failed on setup with &quot;AssertionError: export failed for weekly/all: 502 &lt;!DOCTYPE html&gt;&#10;  &lt;!--[if lt IE 7]&gt; &lt;html class=&quot;no-js ie6 oldie&quot; lang=&quot;en-US&quot;&gt; &lt;![endif]--&gt;&#10;  &lt;!--[if IE 7]&gt;    &lt;html class=&quot;no-js ie7 oldie&quot; lang=&quot;en-US&quot;&gt; &lt;![endif]--&gt;&#10;  &lt;!--[if IE 8]&gt;    &lt;html class=&quot;no-js ie8 oldie&quot; lang=&quot;en-US&quot;&gt; &lt;![endif]--&gt;&#10;  &lt;!--[if gt IE 8]&gt;&lt;!--&gt; &lt;html class=&quot;no-js&quot; lang=&quot;en-US&quot;&gt; &lt;!--&lt;![endif]--&gt;&#10;  &lt;head&gt;&#10;  &#10;  &lt;title&gt;preview.emergentagent.com | 502: Bad gateway&lt;/title&gt;&#10;  &lt;meta charset=&quot;UT&#10;assert 502 == 200&#10; +  where 502 = &lt;Response [502]&gt;.status_code&quot;">tests/test_pptx_export.py:67: in pptx_files
    assert r.status_code == 200, (
E   AssertionError: export failed for weekly/all: 502 &lt;!DOCTYPE html&gt;
E     &lt;!--[if lt IE 7]&gt; &lt;html class="no-js ie6 oldie" lang="en-US"&gt; &lt;![endif]--&gt;
E     &lt;!--[if IE 7]&gt;    &lt;html class="no-js ie7 oldie" lang="en-US"&gt; &lt;![endif]--&gt;
E     &lt;!--[if IE 8]&gt;    &lt;html class="no-js ie8 oldie" lang="en-US"&gt; &lt;![endif]--&gt;
E     &lt;!--[if gt IE 8]&gt;&lt;!--&gt; &lt;html class="no-js" lang="en-US"&gt; &lt;!--&lt;![endif]--&gt;
E     &lt;head&gt;
E     
E     &lt;title&gt;preview.emergentagent.com | 502: Bad gateway&lt;/title&gt;
E     &lt;meta charset="UT
E   assert 502 == 200
E    +  where 502 = &lt;Response [502]&gt;.status_code</error></testcase><testcase classname="tests.test_pptx_export.TestConsultingDesignOverhaul" name="test_insight_callout_above_footer[variant0]" time="0.000"><error message="failed on setup with &quot;AssertionError: export failed for weekly/all: 502 &lt;!DOCTYPE html&gt;&#10;  &lt;!--[if lt IE 7]&gt; &lt;html class=&quot;no-js ie6 oldie&quot; lang=&quot;en-US&quot;&gt; &lt;![endif]--&gt;&#10;  &lt;!--[if IE 7]&gt;    &lt;html class=&quot;no-js ie7 oldie&quot; lang=&quot;en-US&quot;&gt; &lt;![endif]--&gt;&#10;  &lt;!--[if IE 8]&gt;    &lt;html class=&quot;no-js ie8 oldie&quot; lang=&quot;en-US&quot;&gt; &lt;![endif]--&gt;&#10;  &lt;!--[if gt IE 8]&gt;&lt;!--&gt; &lt;html class=&quot;no-js&quot; lang=&quot;en-US&quot;&gt; &lt;!--&lt;![endif]--&gt;&#10;  &lt;head&gt;&#10;  &#10;  &lt;title&gt;preview.emergentagent.com | 502: Bad gateway&lt;/title&gt;&#10;  &lt;meta charset=&quot;UT&#10;assert 502 == 200&#10; +  where 502 = &lt;Response [502]&gt;.status_code&quot;">tests/test_pptx_export.py:67: in pptx_files
    assert r.status_code == 200, (
E   AssertionError: export failed for weekly/all: 502 &lt;!DOCTYPE html&gt;
E     &lt;!--[if lt IE 7]&gt; &lt;html class="no-js ie6 oldie" lang="en-US"&gt; &lt;![endif]--&gt;
E     &lt;!--[if IE 7]&gt;    &lt;html class="no-js ie7 oldie" lang="en-US"&gt; &lt;![endif]--&gt;
E     &lt;!--[if IE 8]&gt;    &lt;html class="no-js ie8 oldie" lang="en-US"&gt; &lt;![endif]--&gt;
E     &lt;!--[if gt IE 8]&gt;&lt;!--&gt; &lt;html class="no-js" lang="en-US"&gt; &lt;!--&lt;![endif]--&gt;
E     &lt;head&gt;
E     
E     &lt;title&gt;preview.emergentagent.com | 502: Bad gateway&lt;/title&gt;
E     &lt;meta charset="UT
E   assert 502 == 200
E    +  where 502 = &lt;Response [502]&gt;.status_code</error></testcase><testcase classname="tests.test_pptx_export.TestConsultingDesignOverhaul" name="test_insight_callout_above_footer[variant1]" time="0.000"><error message="failed on setup with &quot;AssertionError: export failed for weekly/all: 502 &lt;!DOCTYPE html&gt;&#10;  &lt;!--[if lt IE 7]&gt; &lt;html class=&quot;no-js ie6 oldie&quot; lang=&quot;en-US&quot;&gt; &lt;![endif]--&gt;&#10;  &lt;!--[if IE 7]&gt;    &lt;html class=&quot;no-js ie7 oldie&quot; lang=&quot;en-US&quot;&gt; &lt;![endif]--&gt;&#10;  &lt;!--[if IE 8]&gt;    &lt;html class=&quot;no-js ie8 oldie&quot; lang=&quot;en-US&quot;&gt; &lt;![endif]--&gt;&#10;  &lt;!--[if gt IE 8]&gt;&lt;!--&gt; &lt;html class=&quot;no-js&quot; lang=&quot;en-US&quot;&gt; &lt;!--&lt;![endif]--&gt;&#10;  &lt;head&gt;&#10;  &#10;  &lt;title&gt;preview.emergentagent.com | 502: Bad gateway&lt;/title&gt;&#10;  &lt;meta charset=&quot;UT&#10;assert 502 == 200&#10; +  where 502 = &lt;Response [502]&gt;.status_code&quot;">tests/test_pptx_export.py:67: in pptx_files
    assert r.status_code == 200, (
E   AssertionError: export failed for weekly/all: 502 &lt;!DOCTYPE html&gt;
E     &lt;!--[if lt IE 7]&gt; &lt;html class="no-js ie6 oldie" lang="en-US"&gt; &lt;![endif]--&gt;
E     &lt;!--[if IE 7]&gt;    &lt;html class="no-js ie7 oldie" lang="en-US"&gt; &lt;![endif]--&gt;
E     &lt;!--[if IE 8]&gt;    &lt;html class="no-js ie8 oldie" lang="en-US"&gt; &lt;![endif]--&gt;
E     &lt;!--[if gt IE 8]&gt;&lt;!--&gt; &lt;html class="no-js" lang="en-US"&gt; &lt;!--&lt;![endif]--&gt;
E     &lt;head&gt;
E     
E     &lt;title&gt;preview.emergentagent.com | 502: Bad gateway&lt;/title&gt;
E     &lt;meta charset="UT
E   assert 502 == 200
E    +  where 502 = &lt;Response [502]&gt;.status_code</error></testcase><testcase classname="tests.test_pptx_export.TestPptxArchive" name="test_endpoint_returns_valid_pptx[variant0]" time="60.830"><error message="failed on setup with &quot;AssertionError: export failed for weekly/all: 502 &lt;!DOCTYPE html&gt;&#10;  &lt;!--[if lt IE 7]&gt; &lt;html class=&quot;no-js ie6 oldie&quot; lang=&quot;en-US&quot;&gt; &lt;![endif]--&gt;&#10;  &lt;!--[if IE 7]&gt;    &lt;html class=&quot;no-js ie7 oldie&quot; lang=&quot;en-US&quot;&gt; &lt;![endif]--&gt;&#10;  &lt;!--[if IE 8]&gt;    &lt;html class=&quot;no-js ie8 oldie&quot; lang=&quot;en-US&quot;&gt; &lt;![endif]--&gt;&#10;  &lt;!--[if gt IE 8]&gt;&lt;!--&gt; &lt;html class=&quot;no-js&quot; lang=&quot;en-US&quot;&gt; &lt;!--&lt;![endif]--&gt;&#10;  &lt;head&gt;&#10;  &#10;  &lt;title&gt;preview.emergentagent.com | 502: Bad gateway&lt;/title&gt;&#10;  &lt;meta charset=&quot;UT&#10;assert 502 == 200&#10; +  where 502 = &lt;Response [502]&gt;.status_code&quot;">tests/test_pptx_export.py:67: in pptx_files
    assert r.status_code == 200, (
E   AssertionError: export failed for weekly/all: 502 &lt;!DOCTYPE html&gt;
E     &lt;!--[if lt IE 7]&gt; &lt;html class="no-js ie6 oldie" lang="en-US"&gt; &lt;![endif]--&gt;
E     &lt;!--[if IE 7]&gt;    &lt;html class="no-js ie7 oldie" lang="en-US"&gt; &lt;![endif]--&gt;
E     &lt;!--[if IE 8]&gt;    &lt;html class="no-js ie8 oldie" lang="en-US"&gt; &lt;![endif]--&gt;
E     &lt;!--[if gt IE 8]&gt;&lt;!--&gt; &lt;html class="no-js" lang="en-US"&gt; &lt;!--&lt;![endif]--&gt;
E     &lt;head&gt;
E     
E     &lt;title&gt;preview.emergentagent.com | 502: Bad gateway&lt;/title&gt;
E     &lt;meta charset="UT
E   assert 502 == 200
E    +  where 502 = &lt;Response [502]&gt;.status_code</error></testcase><testcase classname="tests.test_pptx_export.TestConsultingDesignOverhaul" name="test_insight_callout_above_footer[variant2]" time="0.000"><error message="failed on setup with &quot;AssertionError: export failed for weekly/all: 502 &lt;!DOCTYPE html&gt;&#10;  &lt;!--[if lt IE 7]&gt; &lt;html class=&quot;no-js ie6 oldie&quot; lang=&quot;en-US&quot;&gt; &lt;![endif]--&gt;&#10;  &lt;!--[if IE 7]&gt;    &lt;html class=&quot;no-js ie7 oldie&quot; lang=&quot;en-US&quot;&gt; &lt;![endif]--&gt;&#10;  &lt;!--[if IE 8]&gt;    &lt;html class=&quot;no-js ie8 oldie&quot; lang=&quot;en-US&quot;&gt; &lt;![endif]--&gt;&#10;  &lt;!--[if gt IE 8]&gt;&lt;!--&gt; &lt;html class=&quot;no-js&quot; lang=&quot;en-US&quot;&gt; &lt;!--&lt;![endif]--&gt;&#10;  &lt;head&gt;&#10;  &#10;  &lt;title&gt;preview.emergentagent.com | 502: Bad gateway&lt;/title&gt;&#10;  &lt;meta charset=&quot;UT&#10;assert 502 == 200&#10; +  where 502 = &lt;Response [502]&gt;.status_code&quot;">tests/test_pptx_export.py:67: in pptx_files
    assert r.status_code == 200, (
E   AssertionError: export failed for weekly/all: 502 &lt;!DOCTYPE html&gt;
E     &lt;!--[if lt IE 7]&gt; &lt;html class="no-js ie6 oldie" lang="en-US"&gt; &lt;![endif]--&gt;
E     &lt;!--[if IE 7]&gt;    &lt;html class="no-js ie7 oldie" lang="en-US"&gt; &lt;![endif]--&gt;
E     &lt;!--[if IE 8]&gt;    &lt;html class="no-js ie8 oldie" lang="en-US"&gt; &lt;![endif]--&gt;
E     &lt;!--[if gt IE 8]&gt;&lt;!--&gt; &lt;html class="no-js" lang="en-US"&gt; &lt;!--&lt;![endif]--&gt;
E     &lt;head&gt;
E     
E     &lt;title&gt;preview.emergentagent.com | 502: Bad gateway&lt;/title&gt;
E     &lt;meta charset="UT
E   assert 502 == 200
E    +  where 502 = &lt;Response [502]&gt;.status_code</error></testcase><testcase classname="tests.test_pptx_export.TestPptxArchive" name="test_endpoint_returns_valid_pptx[variant1]" time="0.000"><error message="failed on setup with &quot;AssertionError: export failed for weekly/all: 502 &lt;!DOCTYPE html&gt;&#10;  &lt;!--[if lt IE 7]&gt; &lt;html class=&quot;no-js ie6 oldie&quot; lang=&quot;en-US&quot;&gt; &lt;![endif]--&gt;&#10;  &lt;!--[if IE 7]&gt;    &lt;html class=&quot;no-js ie7 oldie&quot; lang=&quot;en-US&quot;&gt; &lt;![endif]--&gt;&#10;  &lt;!--[if IE 8]&gt;    &lt;html class=&quot;no-js ie8 oldie&quot; lang=&quot;en-US&quot;&gt; &lt;![endif]--&gt;&#10;  &lt;!--[if gt IE 8]&gt;&lt;!--&gt; &lt;html class=&quot;no-js&quot; lang=&quot;en-US&quot;&gt; &lt;!--&lt;![endif]--&gt;&#10;  &lt;head&gt;&#10;  &#10;  &lt;title&gt;preview.emergentagent.com | 502: Bad gateway&lt;/title&gt;&#10;  &lt;meta charset=&quot;UT&#10;assert 502 == 200&#10; +  where 502 = &lt;Response [502]&gt;.status_code&quot;">tests/test_pptx_export.py:67: in pptx_files
    assert r.status_code == 200, (
E   AssertionError: export failed for weekly/all: 502 &lt;!DOCTYPE html&gt;
E     &lt;!--[if lt IE 7]&gt; &lt;html class="no-js ie6 oldie" lang="en-US"&gt; &lt;![endif]--&gt;
E     &lt;!--[if IE 7]&gt;    &lt;html class="no-js ie7 oldie" lang="en-US"&gt; &lt;![endif]--&gt;
E     &lt;!--[if IE 8]&gt;    &lt;html class="no-js ie8 oldie" lang="en-US"&gt; &lt;![endif]--&gt;
E     &lt;!--[if gt IE 8]&gt;&lt;!--&gt; &lt;html class="no-js" lang="en-US"&gt; &lt;!--&lt;![endif]--&gt;
E     &lt;head&gt;
E     
E     &lt;title&gt;preview.emergentagent.com | 502: Bad gateway&lt;/title&gt;
E     &lt;meta charset="UT
E   assert 502 == 200
E    +  where 502 = &lt;Response [502]&gt;.status_code</error></testcase><testcase classname="tests.test_pptx_export.TestConsultingDesignOverhaul" name="test_white_background_and_navy_left_rail[variant0]" time="0.000"><error message="failed on setup with &quot;AssertionError: export failed for weekly/all: 502 &lt;!DOCTYPE html&gt;&#10;  &lt;!--[if lt IE 7]&gt; &lt;html class=&quot;no-js ie6 oldie&quot; lang=&quot;en-US&quot;&gt; &lt;![endif]--&gt;&#10;  &lt;!--[if IE 7]&gt;    &lt;html class=&quot;no-js ie7 oldie&quot; lang=&quot;en-US&quot;&gt; &lt;![endif]--&gt;&#10;  &lt;!--[if IE 8]&gt;    &lt;html class=&quot;no-js ie8 oldie&quot; lang=&quot;en-US&quot;&gt; &lt;![endif]--&gt;&#10;  &lt;!--[if gt IE 8]&gt;&lt;!--&gt; &lt;html class=&quot;no-js&quot; lang=&quot;en-US&quot;&gt; &lt;!--&lt;![endif]--&gt;&#10;  &lt;head&gt;&#10;  &#10;  &lt;title&gt;preview.emergentagent.com | 502: Bad gateway&lt;/title&gt;&#10;  &lt;meta charset=&quot;UT&#10;assert 502 == 200&#10; +  where 502 = &lt;Response [502]&gt;.status_code&quot;">tests/test_pptx_export.py:67: in pptx_files
    assert r.status_code == 200, (
E   AssertionError: export failed for weekly/all: 502 &lt;!DOCTYPE html&gt;
E     &lt;!--[if lt IE 7]&gt; &lt;html class="no-js ie6 oldie" lang="en-US"&gt; &lt;![endif]--&gt;
E     &lt;!--[if IE 7]&gt;    &lt;html class="no-js ie7 oldie" lang="en-US"&gt; &lt;![endif]--&gt;
E     &lt;!--[if IE 8]&gt;    &lt;html class="no-js ie8 oldie" lang="en-US"&gt; &lt;![endif]--&gt;
E     &lt;!--[if gt IE 8]&gt;&lt;!--&gt; &lt;html class="no-js" lang="en-US"&gt; &lt;!--&lt;![endif]--&gt;
E     &lt;head&gt;
E     
E     &lt;title&gt;preview.emergentagent.com | 502: Bad gateway&lt;/title&gt;
E     &lt;meta charset="UT
E   assert 502 == 200
E    +  where 502 = &lt;Response [502]&gt;.status_code</error></testcase><testcase classname="tests.test_pptx_export.TestPptxArchive" name="test_endpoint_returns_valid_pptx[variant2]" time="0.000"><error message="failed on setup with &quot;AssertionError: export failed for weekly/all: 502 &lt;!DOCTYPE html&gt;&#10;  &lt;!--[if lt IE 7]&gt; &lt;html class=&quot;no-js ie6 oldie&quot; lang=&quot;en-US&quot;&gt; &lt;![endif]--&gt;&#10;  &lt;!--[if IE 7]&gt;    &lt;html class=&quot;no-js ie7 oldie&quot; lang=&quot;en-US&quot;&gt; &lt;![endif]--&gt;&#10;  &lt;!--[if IE 8]&gt;    &lt;html class=&quot;no-js ie8 oldie&quot; lang=&quot;en-US&quot;&gt; &lt;![endif]--&gt;&#10;  &lt;!--[if gt IE 8]&gt;&lt;!--&gt; &lt;html class=&quot;no-js&quot; lang=&quot;en-US&quot;&gt; &lt;!--&lt;![endif]--&gt;&#10;  &lt;head&gt;&#10;  &#10;  &lt;title&gt;preview.emergentagent.com | 502: Bad gateway&lt;/title&gt;&#10;  &lt;meta charset=&quot;UT&#10;assert 502 == 200&#10; +  where 502 = &lt;Response [502]&gt;.status_code&quot;">tests/test_pptx_export.py:67: in pptx_files
    assert r.status_code == 200, (
E   AssertionError: export failed for weekly/all: 502 &lt;!DOCTYPE html&gt;
E     &lt;!--[if lt IE 7]&gt; &lt;html class="no-js ie6 oldie" lang="en-US"&gt; &lt;![endif]--&gt;
E     &lt;!--[if IE 7]&gt;    &lt;html class="no-js ie7 oldie" lang="en-US"&gt; &lt;![endif]--&gt;
E     &lt;!--[if IE 8]&gt;    &lt;html class="no-js ie8 oldie" lang="en-US"&gt; &lt;![endif]--&gt;
E     &lt;!--[if gt IE 8]&gt;&lt;!--&gt; &lt;html class="no-js" lang="en-US"&gt; &lt;!--&lt;![endif]--&gt;
E     &lt;head&gt;
E     
E     &lt;title&gt;preview.emergentagent.com | 502: Bad gateway&lt;/title&gt;
E     &lt;meta charset="UT
E   assert 502 == 200
E    +  where 502 = &lt;Response [502]&gt;.status_code</error></testcase><testcase classname="tests.test_pptx_export.TestPptxArchive" name="test_zero_images_in_ppt_media[variant0]" time="0.000"><error message="failed on setup with &quot;AssertionError: export failed for weekly/all: 502 &lt;!DOCTYPE html&gt;&#10;  &lt;!--[if lt IE 7]&gt; &lt;html class=&quot;no-js ie6 oldie&quot; lang=&quot;en-US&quot;&gt; &lt;![endif]--&gt;&#10;  &lt;!--[if IE 7]&gt;    &lt;html class=&quot;no-js ie7 oldie&quot; lang=&quot;en-US&quot;&gt; &lt;![endif]--&gt;&#10;  &lt;!--[if IE 8]&gt;    &lt;html class=&quot;no-js ie8 oldie&quot; lang=&quot;en-US&quot;&gt; &lt;![endif]--&gt;&#10;  &lt;!--[if gt IE 8]&gt;&lt;!--&gt; &lt;html class=&quot;no-js&quot; lang=&quot;en-US&quot;&gt; &lt;!--&lt;![endif]--&gt;&#10;  &lt;head&gt;&#10;  &#10;  &lt;title&gt;preview.emergentagent.com | 502: Bad gateway&lt;/title&gt;&#10;  &lt;meta charset=&quot;UT&#10;assert 502 == 200&#10; +  where 502 = &lt;Response [502]&gt;.status_code&quot;">tests/test_pptx_export.py:67: in pptx_files
    assert r.status_code == 200, (
E   AssertionError: export failed for weekly/all: 502 &lt;!DOCTYPE html&gt;
E     &lt;!--[if lt IE 7]&gt; &lt;html class="no-js ie6 oldie" lang="en-US"&gt; &lt;![endif]--&gt;
E     &lt;!--[if IE 7]&gt;    &lt;html class="no-js ie7 oldie" lang="en-US"&gt; &lt;![endif]--&gt;
E     &lt;!--[if IE 8]&gt;    &lt;html class="no-js ie8 oldie" lang="en-US"&gt; &lt;![endif]--&gt;
E     &lt;!--[if gt IE 8]&gt;&lt;!--&gt; &lt;html class="no-js" lang="en-US"&gt; &lt;!--&lt;![endif]--&gt;
E     &lt;head&gt;
E     
E     &lt;title&gt;preview.emergentagent.com | 502: Bad gateway&lt;/title&gt;
E     &lt;meta charset="UT
E   assert 502 == 200
E    +  where 502 = &lt;Response [502]&gt;.status_code</error></testcase><testcase classname="tests.test_pptx_export.TestConsultingDesignOverhaul" name="test_white_background_and_navy_left_rail[variant1]" time="0.000"><error message="failed on setup with &quot;AssertionError: export failed for weekly/all: 502 &lt;!DOCTYPE html&gt;&#10;  &lt;!--[if lt IE 7]&gt; &lt;html class=&quot;no-js ie6 oldie&quot; lang=&quot;en-US&quot;&gt; &lt;![endif]--&gt;&#10;  &lt;!--[if IE 7]&gt;    &lt;html class=&quot;no-js ie7 oldie&quot; lang=&quot;en-US&quot;&gt; &lt;![endif]--&gt;&#10;  &lt;!--[if IE 8]&gt;    &lt;html class=&quot;no-js ie8 oldie&quot; lang=&quot;en-US&quot;&gt; &lt;![endif]--&gt;&#10;  &lt;!--[if gt IE 8]&gt;&lt;!--&gt; &lt;html class=&quot;no-js&quot; lang=&quot;en-US&quot;&gt; &lt;!--&lt;![endif]--&gt;&#10;  &lt;head&gt;&#10;  &#10;  &lt;title&gt;preview.emergentagent.com | 502: Bad gateway&lt;/title&gt;&#10;  &lt;meta charset=&quot;UT&#10;assert 502 == 200&#10; +  where 502 = &lt;Response [502]&gt;.status_code&quot;">tests/test_pptx_export.py:67: in pptx_files
    assert r.status_code == 200, (
E   AssertionError: export failed for weekly/all: 502 &lt;!DOCTYPE html&gt;
E     &lt;!--[if lt IE 7]&gt; &lt;html class="no-js ie6 oldie" lang="en-US"&gt; &lt;![endif]--&gt;
E     &lt;!--[if IE 7]&gt;    &lt;html class="no-js ie7 oldie" lang="en-US"&gt; &lt;![endif]--&gt;
E     &lt;!--[if IE 8]&gt;    &lt;html class="no-js ie8 oldie" lang="en-US"&gt; &lt;![endif]--&gt;
E     &lt;!--[if gt IE 8]&gt;&lt;!--&gt; &lt;html class="no-js" lang="en-US"&gt; &lt;!--&lt;![endif]--&gt;
E     &lt;head&gt;
E     
E     &lt;title&gt;preview.emergentagent.com | 502: Bad gateway&lt;/title&gt;
E     &lt;meta charset="UT
E   assert 502 == 200
E    +  where 502 = &lt;Response [502]&gt;.status_code</error></testcase><testcase classname="tests.test_pptx_export.TestPptxArchive" name="test_zero_images_in_ppt_media[variant1]" time="0.000"><error message="failed on setup with &quot;AssertionError: export failed for weekly/all: 502 &lt;!DOCTYPE html&gt;&#10;  &lt;!--[if lt IE 7]&gt; &lt;html class=&quot;no-js ie6 oldie&quot; lang=&quot;en-US&quot;&gt; &lt;![endif]--&gt;&#10;  &lt;!--[if IE 7]&gt;    &lt;html class=&quot;no-js ie7 oldie&quot; lang=&quot;en-US&quot;&gt; &lt;![endif]--&gt;&#10;  &lt;!--[if IE 8]&gt;    &lt;html class=&quot;no-js ie8 oldie&quot; lang=&quot;en-US&quot;&gt; &lt;![endif]--&gt;&#10;  &lt;!--[if gt IE 8]&gt;&lt;!--&gt; &lt;html class=&quot;no-js&quot; lang=&quot;en-US&quot;&gt; &lt;!--&lt;![endif]--&gt;&#10;  &lt;head&gt;&#10;  &#10;  &lt;title&gt;preview.emergentagent.com | 502: Bad gateway&lt;/title&gt;&#10;  &lt;meta charset=&quot;UT&#10;assert 502 == 200&#10; +  where 502 = &lt;Response [502]&gt;.status_code&quot;">tests/test_pptx_export.py:67: in pptx_files
    assert r.status_code == 200, (
E   AssertionError: export failed for weekly/all: 502 &lt;!DOCTYPE html&gt;
E     &lt;!--[if lt IE 7]&gt; &lt;html class="no-js ie6 oldie" lang="en-US"&gt; &lt;![endif]--&gt;
E     &lt;!--[if IE 7]&gt;    &lt;html class="no-js ie7 oldie" lang="en-US"&gt; &lt;![endif]--&gt;
E     &lt;!--[if IE 8]&gt;    &lt;html class="no-js ie8 oldie" lang="en-US"&gt; &lt;![endif]--&gt;
E     &lt;!--[if gt IE 8]&gt;&lt;!--&gt; &lt;html class="no-js" lang="en-US"&gt; &lt;!--&lt;![endif]--&gt;
E     &lt;head&gt;
E     
E     &lt;title&gt;preview.emergentagent.com | 502: Bad gateway&lt;/title&gt;
E     &lt;meta charset="UT
E   assert 502 == 200
E    +  where 502 = &lt;Response [502]&gt;.status_code</error></testcase><testcase classname="tests.test_pptx_export.TestConsultingDesignOverhaul" name="test_white_background_and_navy_left_rail[variant2]" time="0.000"><error message="failed on setup with &quot;AssertionError: export failed for weekly/all: 502 &lt;!DOCTYPE html&gt;&#10;  &lt;!--[if lt IE 7]&gt; &lt;html class=&quot;no-js ie6 oldie&quot; lang=&quot;en-US&quot;&gt; &lt;![endif]--&gt;&#10;  &lt;!--[if IE 7]&gt;    &lt;html class=&quot;no-js ie7 oldie&quot; lang=&quot;en-US&quot;&gt; &lt;![endif]--&gt;&#10;  &lt;!--[if IE 8]&gt;    &lt;html class=&quot;no-js ie8 oldie&quot; lang=&quot;en-US&quot;&gt; &lt;![endif]--&gt;&#10;  &lt;!--[if gt IE 8]&gt;&lt;!--&gt; &lt;html class=&quot;no-js&quot; lang=&quot;en-US&quot;&gt; &lt;!--&lt;![endif]--&gt;&#10;  &lt;head&gt;&#10;  &#10;  &lt;title&gt;preview.emergentagent.com | 502: Bad gateway&lt;/title&gt;&#10;  &lt;meta charset=&quot;UT&#10;assert 502 == 200&#10; +  where 502 = &lt;Response [502]&gt;.status_code&quot;">tests/test_pptx_export.py:67: in pptx_files
    assert r.status_code == 200, (
E   AssertionError: export failed for weekly/all: 502 &lt;!DOCTYPE html&gt;
E     &lt;!--[if lt IE 7]&gt; &lt;html class="no-js ie6 oldie" lang="en-US"&gt; &lt;![endif]--&gt;
E     &lt;!--[if IE 7]&gt;    &lt;html class="no-js ie7 oldie" lang="en-US"&gt; &lt;![endif]--&gt;
E     &lt;!--[if IE 8]&gt;    &lt;html class="no-js ie8 oldie" lang="en-US"&gt; &lt;![endif]--&gt;
E     &lt;!--[if gt IE 8]&gt;&lt;!--&gt; &lt;html class="no-js" lang="en-US"&gt; &lt;!--&lt;![endif]--&gt;
E     &lt;head&gt;
E     
E     &lt;title&gt;preview.emergentagent.com | 502: Bad gateway&lt;/title&gt;
E     &lt;meta charset="UT
E   assert 502 == 200
E    +  where 502 = &lt;Response [502]&gt;.status_code</error></testcase><testcase classname="tests.test_pptx_export.TestPptxArchive" name="test_zero_images_in_ppt_media[variant2]" time="0.000"><error message="failed on setup with &quot;AssertionError: export failed for weekly/all: 502 &lt;!DOCTYPE html&gt;&#10;  &lt;!--[if lt IE 7]&gt; &lt;html class=&quot;no-js ie6 oldie&quot; lang=&quot;en-US&quot;&gt; &lt;![endif]--&gt;&#10;  &lt;!--[if IE 7]&gt;    &lt;html class=&quot;no-js ie7 oldie&quot; lang=&quot;en-US&quot;&gt; &lt;![endif]--&gt;&#10;  &lt;!--[if IE 8]&gt;    &lt;html class=&quot;no-js ie8 oldie&quot; lang=&quot;en-US&quot;&gt; &lt;![endif]--&gt;&#10;  &lt;!--[if gt IE 8]&gt;&lt;!--&gt; &lt;html class=&quot;no-js&quot; lang=&quot;en-US&quot;&gt; &lt;!--&lt;![endif]--&gt;&#10;  &lt;head&gt;&#10;  &#10;  &lt;title&gt;preview.emergentagent.com | 502: Bad gateway&lt;/title&gt;&#10;  &lt;meta charset=&quot;UT&#10;assert 502 == 200&#10; +  where 502 = &lt;Response [502]&gt;.status_code&quot;">tests/test_pptx_export.py:67: in pptx_files
    assert r.status_code == 200, (
E   AssertionError: export failed for weekly/all: 502 &lt;!DOCTYPE html&gt;
E     &lt;!--[if lt IE 7]&gt; &lt;html class="no-js ie6 oldie" lang="en-US"&gt; &lt;![endif]--&gt;
E     &lt;!--[if IE 7]&gt;    &lt;html class="no-js ie7 oldie" lang="en-US"&gt; &lt;![endif]--&gt;
E     &lt;!--[if IE 8]&gt;    &lt;html class="no-js ie8 oldie" lang="en-US"&gt; &lt;![endif]--&gt;
E     &lt;!--[if gt IE 8]&gt;&lt;!--&gt; &lt;html class="no-js" lang="en-US"&gt; &lt;!--&lt;![endif]--&gt;
E     &lt;head&gt;
E     
E     &lt;title&gt;preview.emergentagent.com | 502: Bad gateway&lt;/title&gt;
E     &lt;meta charset="UT
E   assert 502 == 200
E    +  where 502 = &lt;Response [502]&gt;.status_code</error></testcase><testcase classname="tests.test_pptx_export.TestConsultingDesignOverhaul" name="test_native_chart_type_census[variant0]" time="0.000"><error message="failed on setup with &quot;AssertionError: export failed for weekly/all: 502 &lt;!DOCTYPE html&gt;&#10;  &lt;!--[if lt IE 7]&gt; &lt;html class=&quot;no-js ie6 oldie&quot; lang=&quot;en-US&quot;&gt; &lt;![endif]--&gt;&#10;  &lt;!--[if IE 7]&gt;    &lt;html class=&quot;no-js ie7 oldie&quot; lang=&quot;en-US&quot;&gt; &lt;![endif]--&gt;&#10;  &lt;!--[if IE 8]&gt;    &lt;html class=&quot;no-js ie8 oldie&quot; lang=&quot;en-US&quot;&gt; &lt;![endif]--&gt;&#10;  &lt;!--[if gt IE 8]&gt;&lt;!--&gt; &lt;html class=&quot;no-js&quot; lang=&quot;en-US&quot;&gt; &lt;!--&lt;![endif]--&gt;&#10;  &lt;head&gt;&#10;  &#10;  &lt;title&gt;preview.emergentagent.com | 502: Bad gateway&lt;/title&gt;&#10;  &lt;meta charset=&quot;UT&#10;assert 502 == 200&#10; +  where 502 = &lt;Response [502]&gt;.status_code&quot;">tests/test_pptx_export.py:67: in pptx_files
    assert r.status_code == 200, (
E   AssertionError: export failed for weekly/all: 502 &lt;!DOCTYPE html&gt;
E     &lt;!--[if lt IE 7]&gt; &lt;html class="no-js ie6 oldie" lang="en-US"&gt; &lt;![endif]--&gt;
E     &lt;!--[if IE 7]&gt;    &lt;html class="no-js ie7 oldie" lang="en-US"&gt; &lt;![endif]--&gt;
E     &lt;!--[if IE 8]&gt;    &lt;html class="no-js ie8 oldie" lang="en-US"&gt; &lt;![endif]--&gt;
E     &lt;!--[if gt IE 8]&gt;&lt;!--&gt; &lt;html class="no-js" lang="en-US"&gt; &lt;!--&lt;![endif]--&gt;
E     &lt;head&gt;
E     
E     &lt;title&gt;preview.emergentagent.com | 502: Bad gateway&lt;/title&gt;
E     &lt;meta charset="UT
E   assert 502 == 200
E    +  where 502 = &lt;Response [502]&gt;.status_code</error></testcase><testcase classname="tests.test_pptx_export.TestPptxArchive" name="test_zero_pic_elements_in_slides[variant0]" time="0.000"><error message="failed on setup with &quot;AssertionError: export failed for weekly/all: 502 &lt;!DOCTYPE html&gt;&#10;  &lt;!--[if lt IE 7]&gt; &lt;html class=&quot;no-js ie6 oldie&quot; lang=&quot;en-US&quot;&gt; &lt;![endif]--&gt;&#10;  &lt;!--[if IE 7]&gt;    &lt;html class=&quot;no-js ie7 oldie&quot; lang=&quot;en-US&quot;&gt; &lt;![endif]--&gt;&#10;  &lt;!--[if IE 8]&gt;    &lt;html class=&quot;no-js ie8 oldie&quot; lang=&quot;en-US&quot;&gt; &lt;![endif]--&gt;&#10;  &lt;!--[if gt IE 8]&gt;&lt;!--&gt; &lt;html class=&quot;no-js&quot; lang=&quot;en-US&quot;&gt; &lt;!--&lt;![endif]--&gt;&#10;  &lt;head&gt;&#10;  &#10;  &lt;title&gt;preview.emergentagent.com | 502: Bad gateway&lt;/title&gt;&#10;  &lt;meta charset=&quot;UT&#10;assert 502 == 200&#10; +  where 502 = &lt;Response [502]&gt;.status_code&quot;">tests/test_pptx_export.py:67: in pptx_files
    assert r.status_code == 200, (
E   AssertionError: export failed for weekly/all: 502 &lt;!DOCTYPE html&gt;
E     &lt;!--[if lt IE 7]&gt; &lt;html class="no-js ie6 oldie" lang="en-US"&gt; &lt;![endif]--&gt;
E     &lt;!--[if IE 7]&gt;    &lt;html class="no-js ie7 oldie" lang="en-US"&gt; &lt;![endif]--&gt;
E     &lt;!--[if IE 8]&gt;    &lt;html class="no-js ie8 oldie" lang="en-US"&gt; &lt;![endif]--&gt;
E     &lt;!--[if gt IE 8]&gt;&lt;!--&gt; &lt;html class="no-js" lang="en-US"&gt; &lt;!--&lt;![endif]--&gt;
E     &lt;head&gt;
E     
E     &lt;title&gt;preview.emergentagent.com | 502: Bad gateway&lt;/title&gt;
E     &lt;meta charset="UT
E   assert 502 == 200
E    +  where 502 = &lt;Response [502]&gt;.status_code</error></testcase><testcase classname="tests.test_pptx_export.TestConsultingDesignOverhaul" name="test_native_chart_type_census[variant1]" time="0.000"><error message="failed on setup with &quot;AssertionError: export failed for weekly/all: 502 &lt;!DOCTYPE html&gt;&#10;  &lt;!--[if lt IE 7]&gt; &lt;html class=&quot;no-js ie6 oldie&quot; lang=&quot;en-US&quot;&gt; &lt;![endif]--&gt;&#10;  &lt;!--[if IE 7]&gt;    &lt;html class=&quot;no-js ie7 oldie&quot; lang=&quot;en-US&quot;&gt; &lt;![endif]--&gt;&#10;  &lt;!--[if IE 8]&gt;    &lt;html class=&quot;no-js ie8 oldie&quot; lang=&quot;en-US&quot;&gt; &lt;![endif]--&gt;&#10;  &lt;!--[if gt IE 8]&gt;&lt;!--&gt; &lt;html class=&quot;no-js&quot; lang=&quot;en-US&quot;&gt; &lt;!--&lt;![endif]--&gt;&#10;  &lt;head&gt;&#10;  &#10;  &lt;title&gt;preview.emergentagent.com | 502: Bad gateway&lt;/title&gt;&#10;  &lt;meta charset=&quot;UT&#10;assert 502 == 200&#10; +  where 502 = &lt;Response [502]&gt;.status_code&quot;">tests/test_pptx_export.py:67: in pptx_files
    assert r.status_code == 200, (
E   AssertionError: export failed for weekly/all: 502 &lt;!DOCTYPE html&gt;
E     &lt;!--[if lt IE 7]&gt; &lt;html class="no-js ie6 oldie" lang="en-US"&gt; &lt;![endif]--&gt;
E     &lt;!--[if IE 7]&gt;    &lt;html class="no-js ie7 oldie" lang="en-US"&gt; &lt;![endif]--&gt;
E     &lt;!--[if IE 8]&gt;    &lt;html class="no-js ie8 oldie" lang="en-US"&gt; &lt;![endif]--&gt;
E     &lt;!--[if gt IE 8]&gt;&lt;!--&gt; &lt;html class="no-js" lang="en-US"&gt; &lt;!--&lt;![endif]--&gt;
E     &lt;head&gt;
E     
E     &lt;title&gt;preview.emergentagent.com | 502: Bad gateway&lt;/title&gt;
E     &lt;meta charset="UT
E   assert 502 == 200
E    +  where 502 = &lt;Response [502]&gt;.status_code</error></testcase><testcase classname="tests.test_pptx_export.TestPptxArchive" name="test_zero_pic_elements_in_slides[variant1]" time="0.000"><error message="failed on setup with &quot;AssertionError: export failed for weekly/all: 502 &lt;!DOCTYPE html&gt;&#10;  &lt;!--[if lt IE 7]&gt; &lt;html class=&quot;no-js ie6 oldie&quot; lang=&quot;en-US&quot;&gt; &lt;![endif]--&gt;&#10;  &lt;!--[if IE 7]&gt;    &lt;html class=&quot;no-js ie7 oldie&quot; lang=&quot;en-US&quot;&gt; &lt;![endif]--&gt;&#10;  &lt;!--[if IE 8]&gt;    &lt;html class=&quot;no-js ie8 oldie&quot; lang=&quot;en-US&quot;&gt; &lt;![endif]--&gt;&#10;  &lt;!--[if gt IE 8]&gt;&lt;!--&gt; &lt;html class=&quot;no-js&quot; lang=&quot;en-US&quot;&gt; &lt;!--&lt;![endif]--&gt;&#10;  &lt;head&gt;&#10;  &#10;  &lt;title&gt;preview.emergentagent.com | 502: Bad gateway&lt;/title&gt;&#10;  &lt;meta charset=&quot;UT&#10;assert 502 == 200&#10; +  where 502 = &lt;Response [502]&gt;.status_code&quot;">tests/test_pptx_export.py:67: in pptx_files
    assert r.status_code == 200, (
E   AssertionError: export failed for weekly/all: 502 &lt;!DOCTYPE html&gt;
E     &lt;!--[if lt IE 7]&gt; &lt;html class="no-js ie6 oldie" lang="en-US"&gt; &lt;![endif]--&gt;
E     &lt;!--[if IE 7]&gt;    &lt;html class="no-js ie7 oldie" lang="en-US"&gt; &lt;![endif]--&gt;
E     &lt;!--[if IE 8]&gt;    &lt;html class="no-js ie8 oldie" lang="en-US"&gt; &lt;![endif]--&gt;
E     &lt;!--[if gt IE 8]&gt;&lt;!--&gt; &lt;html class="no-js" lang="en-US"&gt; &lt;!--&lt;![endif]--&gt;
E     &lt;head&gt;
E     
E     &lt;title&gt;preview.emergentagent.com | 502: Bad gateway&lt;/title&gt;
E     &lt;meta charset="UT
E   assert 502 == 200
E    +  where 502 = &lt;Response [502]&gt;.status_code</error></testcase><testcase classname="tests.test_pptx_export.TestConsultingDesignOverhaul" name="test_native_chart_type_census[variant2]" time="0.000"><error message="failed on setup with &quot;AssertionError: export failed for weekly/all: 502 &lt;!DOCTYPE html&gt;&#10;  &lt;!--[if lt IE 7]&gt; &lt;html class=&quot;no-js ie6 oldie&quot; lang=&quot;en-US&quot;&gt; &lt;![endif]--&gt;&#10;  &lt;!--[if IE 7]&gt;    &lt;html class=&quot;no-js ie7 oldie&quot; lang=&quot;en-US&quot;&gt; &lt;![endif]--&gt;&#10;  &lt;!--[if IE 8]&gt;    &lt;html class=&quot;no-js ie8 oldie&quot; lang=&quot;en-US&quot;&gt; &lt;![endif]--&gt;&#10;  &lt;!--[if gt IE 8]&gt;&lt;!--&gt; &lt;html class=&quot;no-js&quot; lang=&quot;en-US&quot;&gt; &lt;!--&lt;![endif]--&gt;&#10;  &lt;head&gt;&#10;  &#10;  &lt;title&gt;preview.emergentagent.com | 502: Bad gateway&lt;/title&gt;&#10;  &lt;meta charset=&quot;UT&#10;assert 502 == 200&#10; +  where 502 = &lt;Response [502]&gt;.status_code&quot;">tests/test_pptx_export.py:67: in pptx_files
    assert r.status_code == 200, (
E   AssertionError: export failed for weekly/all: 502 &lt;!DOCTYPE html&gt;
E     &lt;!--[if lt IE 7]&gt; &lt;html class="no-js ie6 oldie" lang="en-US"&gt; &lt;![endif]--&gt;
E     &lt;!--[if IE 7]&gt;    &lt;html class="no-js ie7 oldie" lang="en-US"&gt; &lt;![endif]--&gt;
E     &lt;!--[if IE 8]&gt;    &lt;html class="no-js ie8 oldie" lang="en-US"&gt; &lt;![endif]--&gt;
E     &lt;!--[if gt IE 8]&gt;&lt;!--&gt; &lt;html class="no-js" lang="en-US"&gt; &lt;!--&lt;![endif]--&gt;
E     &lt;head&gt;
E     
E     &lt;title&gt;preview.emergentagent.com | 502: Bad gateway&lt;/title&gt;
E     &lt;meta charset="UT
E   assert 502 == 200
E    +  where 502 = &lt;Response [502]&gt;.status_code</error></testcase><testcase classname="tests.test_pptx_export.TestPptxArchive" name="test_zero_pic_elements_in_slides[variant2]" time="0.000"><error message="failed on setup with &quot;AssertionError: export failed for weekly/all: 502 &lt;!DOCTYPE html&gt;&#10;  &lt;!--[if lt IE 7]&gt; &lt;html class=&quot;no-js ie6 oldie&quot; lang=&quot;en-US&quot;&gt; &lt;![endif]--&gt;&#10;  &lt;!--[if IE 7]&gt;    &lt;html class=&quot;no-js ie7 oldie&quot; lang=&quot;en-US&quot;&gt; &lt;![endif]--&gt;&#10;  &lt;!--[if IE 8]&gt;    &lt;html class=&quot;no-js ie8 oldie&quot; lang=&quot;en-US&quot;&gt; &lt;![endif]--&gt;&#10;  &lt;!--[if gt IE 8]&gt;&lt;!--&gt; &lt;html class=&quot;no-js&quot; lang=&quot;en-US&quot;&gt; &lt;!--&lt;![endif]--&gt;&#10;  &lt;head&gt;&#10;  &#10;  &lt;title&gt;preview.emergentagent.com | 502: Bad gateway&lt;/title&gt;&#10;  &lt;meta charset=&quot;UT&#10;assert 502 == 200&#10; +  where 502 = &lt;Response [502]&gt;.status_code&quot;">tests/test_pptx_export.py:67: in pptx_files
    assert r.status_code == 200, (
E   AssertionError: export failed for weekly/all: 502 &lt;!DOCTYPE html&gt;
E     &lt;!--[if lt IE 7]&gt; &lt;html class="no-js ie6 oldie" lang="en-US"&gt; &lt;![endif]--&gt;
E     &lt;!--[if IE 7]&gt;    &lt;html class="no-js ie7 oldie" lang="en-US"&gt; &lt;![endif]--&gt;
E     &lt;!--[if IE 8]&gt;    &lt;html class="no-js ie8 oldie" lang="en-US"&gt; &lt;![endif]--&gt;
E     &lt;!--[if gt IE 8]&gt;&lt;!--&gt; &lt;html class="no-js" lang="en-US"&gt; &lt;!--&lt;![endif]--&gt;
E     &lt;head&gt;
E     
E     &lt;title&gt;preview.emergentagent.com | 502: Bad gateway&lt;/title&gt;
E     &lt;meta charset="UT
E   assert 502 == 200
E    +  where 502 = &lt;Response [502]&gt;.status_code</error></testcase><testcase classname="tests.test_pptx_export.TestConsultingDesignOverhaul" name="test_at_least_two_native_tables[variant0]" time="0.000"><error message="failed on setup with &quot;AssertionError: export failed for weekly/all: 502 &lt;!DOCTYPE html&gt;&#10;  &lt;!--[if lt IE 7]&gt; &lt;html class=&quot;no-js ie6 oldie&quot; lang=&quot;en-US&quot;&gt; &lt;![endif]--&gt;&#10;  &lt;!--[if IE 7]&gt;    &lt;html class=&quot;no-js ie7 oldie&quot; lang=&quot;en-US&quot;&gt; &lt;![endif]--&gt;&#10;  &lt;!--[if IE 8]&gt;    &lt;html class=&quot;no-js ie8 oldie&quot; lang=&quot;en-US&quot;&gt; &lt;![endif]--&gt;&#10;  &lt;!--[if gt IE 8]&gt;&lt;!--&gt; &lt;html class=&quot;no-js&quot; lang=&quot;en-US&quot;&gt; &lt;!--&lt;![endif]--&gt;&#10;  &lt;head&gt;&#10;  &#10;  &lt;title&gt;preview.emergentagent.com | 502: Bad gateway&lt;/title&gt;&#10;  &lt;meta charset=&quot;UT&#10;assert 502 == 200&#10; +  where 502 = &lt;Response [502]&gt;.status_code&quot;">tests/test_pptx_export.py:67: in pptx_files
    assert r.status_code == 200, (
E   AssertionError: export failed for weekly/all: 502 &lt;!DOCTYPE html&gt;
E     &lt;!--[if lt IE 7]&gt; &lt;html class="no-js ie6 oldie" lang="en-US"&gt; &lt;![endif]--&gt;
E     &lt;!--[if IE 7]&gt;    &lt;html class="no-js ie7 oldie" lang="en-US"&gt; &lt;![endif]--&gt;
E     &lt;!--[if IE 8]&gt;    &lt;html class="no-js ie8 oldie" lang="en-US"&gt; &lt;![endif]--&gt;
E     &lt;!--[if gt IE 8]&gt;&lt;!--&gt; &lt;html class="no-js" lang="en-US"&gt; &lt;!--&lt;![endif]--&gt;
E     &lt;head&gt;
E     
E     &lt;title&gt;preview.emergentagent.com | 502: Bad gateway&lt;/title&gt;
E     &lt;meta charset="UT
E   assert 502 == 200
E    +  where 502 = &lt;Response [502]&gt;.status_code</error></testcase><testcase classname="tests.test_pptx_export.TestPptxArchive" name="test_native_chart_xml_files_present[variant0]" time="0.041"><error message="failed on setup with &quot;AssertionError: export failed for weekly/all: 502 &lt;!DOCTYPE html&gt;&#10;  &lt;!--[if lt IE 7]&gt; &lt;html class=&quot;no-js ie6 oldie&quot; lang=&quot;en-US&quot;&gt; &lt;![endif]--&gt;&#10;  &lt;!--[if IE 7]&gt;    &lt;html class=&quot;no-js ie7 oldie&quot; lang=&quot;en-US&quot;&gt; &lt;![endif]--&gt;&#10;  &lt;!--[if IE 8]&gt;    &lt;html class=&quot;no-js ie8 oldie&quot; lang=&quot;en-US&quot;&gt; &lt;![endif]--&gt;&#10;  &lt;!--[if gt IE 8]&gt;&lt;!--&gt; &lt;html class=&quot;no-js&quot; lang=&quot;en-US&quot;&gt; &lt;!--&lt;![endif]--&gt;&#10;  &lt;head&gt;&#10;  &#10;  &lt;title&gt;preview.emergentagent.com | 502: Bad gateway&lt;/title&gt;&#10;  &lt;meta charset=&quot;UT&#10;assert 502 == 200&#10; +  where 502 = &lt;Response [502]&gt;.status_code&quot;">tests/test_pptx_export.py:67: in pptx_files
    assert r.status_code == 200, (
E   AssertionError: export failed for weekly/all: 502 &lt;!DOCTYPE html&gt;
E     &lt;!--[if lt IE 7]&gt; &lt;html class="no-js ie6 oldie" lang="en-US"&gt; &lt;![endif]--&gt;
E     &lt;!--[if IE 7]&gt;    &lt;html class="no-js ie7 oldie" lang="en-US"&gt; &lt;![endif]--&gt;
E     &lt;!--[if IE 8]&gt;    &lt;html class="no-js ie8 oldie" lang="en-US"&gt; &lt;![endif]--&gt;
E     &lt;!--[if gt IE 8]&gt;&lt;!--&gt; &lt;html class="no-js" lang="en-US"&gt; &lt;!--&lt;![endif]--&gt;
E     &lt;head&gt;
E     
E     &lt;title&gt;preview.emergentagent.com | 502: Bad gateway&lt;/title&gt;
E     &lt;meta charset="UT
E   assert 502 == 200
E    +  where 502 = &lt;Response [502]&gt;.status_code</error></testcase><testcase classname="tests.test_pptx_export.TestConsultingDesignOverhaul" name="test_at_least_two_native_tables[variant1]" time="0.000"><error message="failed on setup with &quot;AssertionError: export failed for weekly/all: 502 &lt;!DOCTYPE html&gt;&#10;  &lt;!--[if lt IE 7]&gt; &lt;html class=&quot;no-js ie6 oldie&quot; lang=&quot;en-US&quot;&gt; &lt;![endif]--&gt;&#10;  &lt;!--[if IE 7]&gt;    &lt;html class=&quot;no-js ie7 oldie&quot; lang=&quot;en-US&quot;&gt; &lt;![endif]--&gt;&#10;  &lt;!--[if IE 8]&gt;    &lt;html class=&quot;no-js ie8 oldie&quot; lang=&quot;en-US&quot;&gt; &lt;![endif]--&gt;&#10;  &lt;!--[if gt IE 8]&gt;&lt;!--&gt; &lt;html class=&quot;no-js&quot; lang=&quot;en-US&quot;&gt; &lt;!--&lt;![endif]--&gt;&#10;  &lt;head&gt;&#10;  &#10;  &lt;title&gt;preview.emergentagent.com | 502: Bad gateway&lt;/title&gt;&#10;  &lt;meta charset=&quot;UT&#10;assert 502 == 200&#10; +  where 502 = &lt;Response [502]&gt;.status_code&quot;">tests/test_pptx_export.py:67: in pptx_files
    assert r.status_code == 200, (
E   AssertionError: export failed for weekly/all: 502 &lt;!DOCTYPE html&gt;
E     &lt;!--[if lt IE 7]&gt; &lt;html class="no-js ie6 oldie" lang="en-US"&gt; &lt;![endif]--&gt;
E     &lt;!--[if IE 7]&gt;    &lt;html class="no-js ie7 oldie" lang="en-US"&gt; &lt;![endif]--&gt;
E     &lt;!--[if IE 8]&gt;    &lt;html class="no-js ie8 oldie" lang="en-US"&gt; &lt;![endif]--&gt;
E     &lt;!--[if gt IE 8]&gt;&lt;!--&gt; &lt;html class="no-js" lang="en-US"&gt; &lt;!--&lt;![endif]--&gt;
E     &lt;head&gt;
E     
E     &lt;title&gt;preview.emergentagent.com | 502: Bad gateway&lt;/title&gt;
E     &lt;meta charset="UT
E   assert 502 == 200
E    +  where 502 = &lt;Response [502]&gt;.status_code</error></testcase><testcase classname="tests.test_pptx_export.TestPptxArchive" name="test_native_chart_xml_files_present[variant1]" time="0.000"><error message="failed on setup with &quot;AssertionError: export failed for weekly/all: 502 &lt;!DOCTYPE html&gt;&#10;  &lt;!--[if lt IE 7]&gt; &lt;html class=&quot;no-js ie6 oldie&quot; lang=&quot;en-US&quot;&gt; &lt;![endif]--&gt;&#10;  &lt;!--[if IE 7]&gt;    &lt;html class=&quot;no-js ie7 oldie&quot; lang=&quot;en-US&quot;&gt; &lt;![endif]--&gt;&#10;  &lt;!--[if IE 8]&gt;    &lt;html class=&quot;no-js ie8 oldie&quot; lang=&quot;en-US&quot;&gt; &lt;![endif]--&gt;&#10;  &lt;!--[if gt IE 8]&gt;&lt;!--&gt; &lt;html class=&quot;no-js&quot; lang=&quot;en-US&quot;&gt; &lt;!--&lt;![endif]--&gt;&#10;  &lt;head&gt;&#10;  &#10;  &lt;title&gt;preview.emergentagent.com | 502: Bad gateway&lt;/title&gt;&#10;  &lt;meta charset=&quot;UT&#10;assert 502 == 200&#10; +  where 502 = &lt;Response [502]&gt;.status_code&quot;">tests/test_pptx_export.py:67: in pptx_files
    assert r.status_code == 200, (
E   AssertionError: export failed for weekly/all: 502 &lt;!DOCTYPE html&gt;
E     &lt;!--[if lt IE 7]&gt; &lt;html class="no-js ie6 oldie" lang="en-US"&gt; &lt;![endif]--&gt;
E     &lt;!--[if IE 7]&gt;    &lt;html class="no-js ie7 oldie" lang="en-US"&gt; &lt;![endif]--&gt;
E     &lt;!--[if IE 8]&gt;    &lt;html class="no-js ie8 oldie" lang="en-US"&gt; &lt;![endif]--&gt;
E     &lt;!--[if gt IE 8]&gt;&lt;!--&gt; &lt;html class="no-js" lang="en-US"&gt; &lt;!--&lt;![endif]--&gt;
E     &lt;head&gt;
E     
E     &lt;title&gt;preview.emergentagent.com | 502: Bad gateway&lt;/title&gt;
E     &lt;meta charset="UT
E   assert 502 == 200
E    +  where 502 = &lt;Response [502]&gt;.status_code</error></testcase><testcase classname="tests.test_pptx_export.TestConsultingDesignOverhaul" name="test_at_least_two_native_tables[variant2]" time="0.000"><error message="failed on setup with &quot;AssertionError: export failed for weekly/all: 502 &lt;!DOCTYPE html&gt;&#10;  &lt;!--[if lt IE 7]&gt; &lt;html class=&quot;no-js ie6 oldie&quot; lang=&quot;en-US&quot;&gt; &lt;![endif]--&gt;&#10;  &lt;!--[if IE 7]&gt;    &lt;html class=&quot;no-js ie7 oldie&quot; lang=&quot;en-US&quot;&gt; &lt;![endif]--&gt;&#10;  &lt;!--[if IE 8]&gt;    &lt;html class=&quot;no-js ie8 oldie&quot; lang=&quot;en-US&quot;&gt; &lt;![endif]--&gt;&#10;  &lt;!--[if gt IE 8]&gt;&lt;!--&gt; &lt;html class=&quot;no-js&quot; lang=&quot;en-US&quot;&gt; &lt;!--&lt;![endif]--&gt;&#10;  &lt;head&gt;&#10;  &#10;  &lt;title&gt;preview.emergentagent.com | 502: Bad gateway&lt;/title&gt;&#10;  &lt;meta charset=&quot;UT&#10;assert 502 == 200&#10; +  where 502 = &lt;Response [502]&gt;.status_code&quot;">tests/test_pptx_export.py:67: in pptx_files
    assert r.status_code == 200, (
E   AssertionError: export failed for weekly/all: 502 &lt;!DOCTYPE html&gt;
E     &lt;!--[if lt IE 7]&gt; &lt;html class="no-js ie6 oldie" lang="en-US"&gt; &lt;![endif]--&gt;
E     &lt;!--[if IE 7]&gt;    &lt;html class="no-js ie7 oldie" lang="en-US"&gt; &lt;![endif]--&gt;
E     &lt;!--[if IE 8]&gt;    &lt;html class="no-js ie8 oldie" lang="en-US"&gt; &lt;![endif]--&gt;
E     &lt;!--[if gt IE 8]&gt;&lt;!--&gt; &lt;html class="no-js" lang="en-US"&gt; &lt;!--&lt;![endif]--&gt;
E     &lt;head&gt;
E     
E     &lt;title&gt;preview.emergentagent.com | 502: Bad gateway&lt;/title&gt;
E     &lt;meta charset="UT
E   assert 502 == 200
E    +  where 502 = &lt;Response [502]&gt;.status_code</error></testcase><testcase classname="tests.test_pptx_export.TestPptxArchive" name="test_native_chart_xml_files_present[variant2]" time="0.000"><error message="failed on setup with &quot;AssertionError: export failed for weekly/all: 502 &lt;!DOCTYPE html&gt;&#10;  &lt;!--[if lt IE 7]&gt; &lt;html class=&quot;no-js ie6 oldie&quot; lang=&quot;en-US&quot;&gt; &lt;![endif]--&gt;&#10;  &lt;!--[if IE 7]&gt;    &lt;html class=&quot;no-js ie7 oldie&quot; lang=&quot;en-US&quot;&gt; &lt;![endif]--&gt;&#10;  &lt;!--[if IE 8]&gt;    &lt;html class=&quot;no-js ie8 oldie&quot; lang=&quot;en-US&quot;&gt; &lt;![endif]--&gt;&#10;  &lt;!--[if gt IE 8]&gt;&lt;!--&gt; &lt;html class=&quot;no-js&quot; lang=&quot;en-US&quot;&gt; &lt;!--&lt;![endif]--&gt;&#10;  &lt;head&gt;&#10;  &#10;  &lt;title&gt;preview.emergentagent.com | 502: Bad gateway&lt;/title&gt;&#10;  &lt;meta charset=&quot;UT&#10;assert 502 == 200&#10; +  where 502 = &lt;Response [502]&gt;.status_code&quot;">tests/test_pptx_export.py:67: in pptx_files
    assert r.status_code == 200, (
E   AssertionError: export failed for weekly/all: 502 &lt;!DOCTYPE html&gt;
E     &lt;!--[if lt IE 7]&gt; &lt;html class="no-js ie6 oldie" lang="en-US"&gt; &lt;![endif]--&gt;
E     &lt;!--[if IE 7]&gt;    &lt;html class="no-js ie7 oldie" lang="en-US"&gt; &lt;![endif]--&gt;
E     &lt;!--[if IE 8]&gt;    &lt;html class="no-js ie8 oldie" lang="en-US"&gt; &lt;![endif]--&gt;
E     &lt;!--[if gt IE 8]&gt;&lt;!--&gt; &lt;html class="no-js" lang="en-US"&gt; &lt;!--&lt;![endif]--&gt;
E     &lt;head&gt;
E     
E     &lt;title&gt;preview.emergentagent.com | 502: Bad gateway&lt;/title&gt;
E     &lt;meta charset="UT
E   assert 502 == 200
E    +  where 502 = &lt;Response [502]&gt;.status_code</error></testcase><testcase classname="tests.test_pptx_export.TestConsultingDesignOverhaul" name="test_storytelling_titles_present[variant0]" time="0.000"><error message="failed on setup with &quot;AssertionError: export failed for weekly/all: 502 &lt;!DOCTYPE html&gt;&#10;  &lt;!--[if lt IE 7]&gt; &lt;html class=&quot;no-js ie6 oldie&quot; lang=&quot;en-US&quot;&gt; &lt;![endif]--&gt;&#10;  &lt;!--[if IE 7]&gt;    &lt;html class=&quot;no-js ie7 oldie&quot; lang=&quot;en-US&quot;&gt; &lt;![endif]--&gt;&#10;  &lt;!--[if IE 8]&gt;    &lt;html class=&quot;no-js ie8 oldie&quot; lang=&quot;en-US&quot;&gt; &lt;![endif]--&gt;&#10;  &lt;!--[if gt IE 8]&gt;&lt;!--&gt; &lt;html class=&quot;no-js&quot; lang=&quot;en-US&quot;&gt; &lt;!--&lt;![endif]--&gt;&#10;  &lt;head&gt;&#10;  &#10;  &lt;title&gt;preview.emergentagent.com | 502: Bad gateway&lt;/title&gt;&#10;  &lt;meta charset=&quot;UT&#10;assert 502 == 200&#10; +  where 502 = &lt;Response [502]&gt;.status_code&quot;">tests/test_pptx_export.py:67: in pptx_files
    assert r.status_code == 200, (
E   AssertionError: export failed for weekly/all: 502 &lt;!DOCTYPE html&gt;
E     &lt;!--[if lt IE 7]&gt; &lt;html class="no-js ie6 oldie" lang="en-US"&gt; &lt;![endif]--&gt;
E     &lt;!--[if IE 7]&gt;    &lt;html class="no-js ie7 oldie" lang="en-US"&gt; &lt;![endif]--&gt;
E     &lt;!--[if IE 8]&gt;    &lt;html class="no-js ie8 oldie" lang="en-US"&gt; &lt;![endif]--&gt;
E     &lt;!--[if gt IE 8]&gt;&lt;!--&gt; &lt;html class="no-js" lang="en-US"&gt; &lt;!--&lt;![endif]--&gt;
E     &lt;head&gt;
E     
E     &lt;title&gt;preview.emergentagent.com | 502: Bad gateway&lt;/title&gt;
E     &lt;meta charset="UT
E   assert 502 == 200
E    +  where 502 = &lt;Response [502]&gt;.status_code</error></testcase><testcase classname="tests.test_pptx_export.TestPptxArchive" name="test_chart_type_diversity[variant0]" time="0.000"><error message="failed on setup with &quot;AssertionError: export failed for weekly/all: 502 &lt;!DOCTYPE html&gt;&#10;  &lt;!--[if lt IE 7]&gt; &lt;html class=&quot;no-js ie6 oldie&quot; lang=&quot;en-US&quot;&gt; &lt;![endif]--&gt;&#10;  &lt;!--[if IE 7]&gt;    &lt;html class=&quot;no-js ie7 oldie&quot; lang=&quot;en-US&quot;&gt; &lt;![endif]--&gt;&#10;  &lt;!--[if IE 8]&gt;    &lt;html class=&quot;no-js ie8 oldie&quot; lang=&quot;en-US&quot;&gt; &lt;![endif]--&gt;&#10;  &lt;!--[if gt IE 8]&gt;&lt;!--&gt; &lt;html class=&quot;no-js&quot; lang=&quot;en-US&quot;&gt; &lt;!--&lt;![endif]--&gt;&#10;  &lt;head&gt;&#10;  &#10;  &lt;title&gt;preview.emergentagent.com | 502: Bad gateway&lt;/title&gt;&#10;  &lt;meta charset=&quot;UT&#10;assert 502 == 200&#10; +  where 502 = &lt;Response [502]&gt;.status_code&quot;">tests/test_pptx_export.py:67: in pptx_files
    assert r.status_code == 200, (
E   AssertionError: export failed for weekly/all: 502 &lt;!DOCTYPE html&gt;
E     &lt;!--[if lt IE 7]&gt; &lt;html class="no-js ie6 oldie" lang="en-US"&gt; &lt;![endif]--&gt;
E     &lt;!--[if IE 7]&gt;    &lt;html class="no-js ie7 oldie" lang="en-US"&gt; &lt;![endif]--&gt;
E     &lt;!--[if IE 8]&gt;    &lt;html class="no-js ie8 oldie" lang="en-US"&gt; &lt;![endif]--&gt;
E     &lt;!--[if gt IE 8]&gt;&lt;!--&gt; &lt;html class="no-js" lang="en-US"&gt; &lt;!--&lt;![endif]--&gt;
E     &lt;head&gt;
E     
E     &lt;title&gt;preview.emergentagent.com | 502: Bad gateway&lt;/title&gt;
E     &lt;meta charset="UT
E   assert 502 == 200
E    +  where 502 = &lt;Response [502]&gt;.status_code</error></testcase><testcase classname="tests.test_pptx_export.TestConsultingDesignOverhaul" name="test_storytelling_titles_present[variant1]" time="0.000"><error message="failed on setup with &quot;AssertionError: export failed for weekly/all: 502 &lt;!DOCTYPE html&gt;&#10;  &lt;!--[if lt IE 7]&gt; &lt;html class=&quot;no-js ie6 oldie&quot; lang=&quot;en-US&quot;&gt; &lt;![endif]--&gt;&#10;  &lt;!--[if IE 7]&gt;    &lt;html class=&quot;no-js ie7 oldie&quot; lang=&quot;en-US&quot;&gt; &lt;![endif]--&gt;&#10;  &lt;!--[if IE 8]&gt;    &lt;html class=&quot;no-js ie8 oldie&quot; lang=&quot;en-US&quot;&gt; &lt;![endif]--&gt;&#10;  &lt;!--[if gt IE 8]&gt;&lt;!--&gt; &lt;html class=&quot;no-js&quot; lang=&quot;en-US&quot;&gt; &lt;!--&lt;![endif]--&gt;&#10;  &lt;head&gt;&#10;  &#10;  &lt;title&gt;preview.emergentagent.com | 502: Bad gateway&lt;/title&gt;&#10;  &lt;meta charset=&quot;UT&#10;assert 502 == 200&#10; +  where 502 = &lt;Response [502]&gt;.status_code&quot;">tests/test_pptx_export.py:67: in pptx_files
    assert r.status_code == 200, (
E   AssertionError: export failed for weekly/all: 502 &lt;!DOCTYPE html&gt;
E     &lt;!--[if lt IE 7]&gt; &lt;html class="no-js ie6 oldie" lang="en-US"&gt; &lt;![endif]--&gt;
E     &lt;!--[if IE 7]&gt;    &lt;html class="no-js ie7 oldie" lang="en-US"&gt; &lt;![endif]--&gt;
E     &lt;!--[if IE 8]&gt;    &lt;html class="no-js ie8 oldie" lang="en-US"&gt; &lt;![endif]--&gt;
E     &lt;!--[if gt IE 8]&gt;&lt;!--&gt; &lt;html class="no-js" lang="en-US"&gt; &lt;!--&lt;![endif]--&gt;
E     &lt;head&gt;
E     
E     &lt;title&gt;preview.emergentagent.com | 502: Bad gateway&lt;/title&gt;
E     &lt;meta charset="UT
E   assert 502 == 200
E    +  where 502 = &lt;Response [502]&gt;.status_code</error></testcase><testcase classname="tests.test_pptx_export.TestPptxArchive" name="test_chart_type_diversity[variant1]" time="0.000"><error message="failed on setup with &quot;AssertionError: export failed for weekly/all: 502 &lt;!DOCTYPE html&gt;&#10;  &lt;!--[if lt IE 7]&gt; &lt;html class=&quot;no-js ie6 oldie&quot; lang=&quot;en-US&quot;&gt; &lt;![endif]--&gt;&#10;  &lt;!--[if IE 7]&gt;    &lt;html class=&quot;no-js ie7 oldie&quot; lang=&quot;en-US&quot;&gt; &lt;![endif]--&gt;&#10;  &lt;!--[if IE 8]&gt;    &lt;html class=&quot;no-js ie8 oldie&quot; lang=&quot;en-US&quot;&gt; &lt;![endif]--&gt;&#10;  &lt;!--[if gt IE 8]&gt;&lt;!--&gt; &lt;html class=&quot;no-js&quot; lang=&quot;en-US&quot;&gt; &lt;!--&lt;![endif]--&gt;&#10;  &lt;head&gt;&#10;  &#10;  &lt;title&gt;preview.emergentagent.com | 502: Bad gateway&lt;/title&gt;&#10;  &lt;meta charset=&quot;UT&#10;assert 502 == 200&#10; +  where 502 = &lt;Response [502]&gt;.status_code&quot;">tests/test_pptx_export.py:67: in pptx_files
    assert r.status_code == 200, (
E   AssertionError: export failed for weekly/all: 502 &lt;!DOCTYPE html&gt;
E     &lt;!--[if lt IE 7]&gt; &lt;html class="no-js ie6 oldie" lang="en-US"&gt; &lt;![endif]--&gt;
E     &lt;!--[if IE 7]&gt;    &lt;html class="no-js ie7 oldie" lang="en-US"&gt; &lt;![endif]--&gt;
E     &lt;!--[if IE 8]&gt;    &lt;html class="no-js ie8 oldie" lang="en-US"&gt; &lt;![endif]--&gt;
E     &lt;!--[if gt IE 8]&gt;&lt;!--&gt; &lt;html class="no-js" lang="en-US"&gt; &lt;!--&lt;![endif]--&gt;
E     &lt;head&gt;
E     
E     &lt;title&gt;preview.emergentagent.com | 502: Bad gateway&lt;/title&gt;
E     &lt;meta charset="UT
E   assert 502 == 200
E    +  where 502 = &lt;Response [502]&gt;.status_code</error></testcase><testcase classname="tests.test_pptx_export.TestPptxArchive" name="test_chart_type_diversity[variant2]" time="0.000"><error message="failed on setup with &quot;AssertionError: export failed for weekly/all: 502 &lt;!DOCTYPE html&gt;&#10;  &lt;!--[if lt IE 7]&gt; &lt;html class=&quot;no-js ie6 oldie&quot; lang=&quot;en-US&quot;&gt; &lt;![endif]--&gt;&#10;  &lt;!--[if IE 7]&gt;    &lt;html class=&quot;no-js ie7 oldie&quot; lang=&quot;en-US&quot;&gt; &lt;![endif]--&gt;&#10;  &lt;!--[if IE 8]&gt;    &lt;html class=&quot;no-js ie8 oldie&quot; lang=&quot;en-US&quot;&gt; &lt;![endif]--&gt;&#10;  &lt;!--[if gt IE 8]&gt;&lt;!--&gt; &lt;html class=&quot;no-js&quot; lang=&quot;en-US&quot;&gt; &lt;!--&lt;![endif]--&gt;&#10;  &lt;head&gt;&#10;  &#10;  &lt;title&gt;preview.emergentagent.com | 502: Bad gateway&lt;/title&gt;&#10;  &lt;meta charset=&quot;UT&#10;assert 502 == 200&#10; +  where 502 = &lt;Response [502]&gt;.status_code&quot;">tests/test_pptx_export.py:67: in pptx_files
    assert r.status_code == 200, (
E   AssertionError: export failed for weekly/all: 502 &lt;!DOCTYPE html&gt;
E     &lt;!--[if lt IE 7]&gt; &lt;html class="no-js ie6 oldie" lang="en-US"&gt; &lt;![endif]--&gt;
E     &lt;!--[if IE 7]&gt;    &lt;html class="no-js ie7 oldie" lang="en-US"&gt; &lt;![endif]--&gt;
E     &lt;!--[if IE 8]&gt;    &lt;html class="no-js ie8 oldie" lang="en-US"&gt; &lt;![endif]--&gt;
E     &lt;!--[if gt IE 8]&gt;&lt;!--&gt; &lt;html class="no-js" lang="en-US"&gt; &lt;!--&lt;![endif]--&gt;
E     &lt;head&gt;
E     
E     &lt;title&gt;preview.emergentagent.com | 502: Bad gateway&lt;/title&gt;
E     &lt;meta charset="UT
E   assert 502 == 200
E    +  where 502 = &lt;Response [502]&gt;.status_code</error></testcase><testcase classname="tests.test_pptx_export.TestConsultingDesignOverhaul" name="test_storytelling_titles_present[variant2]" time="0.000"><error message="failed on setup with &quot;AssertionError: export failed for weekly/all: 502 &lt;!DOCTYPE html&gt;&#10;  &lt;!--[if lt IE 7]&gt; &lt;html class=&quot;no-js ie6 oldie&quot; lang=&quot;en-US&quot;&gt; &lt;![endif]--&gt;&#10;  &lt;!--[if IE 7]&gt;    &lt;html class=&quot;no-js ie7 oldie&quot; lang=&quot;en-US&quot;&gt; &lt;![endif]--&gt;&#10;  &lt;!--[if IE 8]&gt;    &lt;html class=&quot;no-js ie8 oldie&quot; lang=&quot;en-US&quot;&gt; &lt;![endif]--&gt;&#10;  &lt;!--[if gt IE 8]&gt;&lt;!--&gt; &lt;html class=&quot;no-js&quot; lang=&quot;en-US&quot;&gt; &lt;!--&lt;![endif]--&gt;&#10;  &lt;head&gt;&#10;  &#10;  &lt;title&gt;preview.emergentagent.com | 502: Bad gateway&lt;/title&gt;&#10;  &lt;meta charset=&quot;UT&#10;assert 502 == 200&#10; +  where 502 = &lt;Response [502]&gt;.status_code&quot;">tests/test_pptx_export.py:67: in pptx_files
    assert r.status_code == 200, (
E   AssertionError: export failed for weekly/all: 502 &lt;!DOCTYPE html&gt;
E     &lt;!--[if lt IE 7]&gt; &lt;html class="no-js ie6 oldie" lang="en-US"&gt; &lt;![endif]--&gt;
E     &lt;!--[if IE 7]&gt;    &lt;html class="no-js ie7 oldie" lang="en-US"&gt; &lt;![endif]--&gt;
E     &lt;!--[if IE 8]&gt;    &lt;html class="no-js ie8 oldie" lang="en-US"&gt; &lt;![endif]--&gt;
E     &lt;!--[if gt IE 8]&gt;&lt;!--&gt; &lt;html class="no-js" lang="en-US"&gt; &lt;!--&lt;![endif]--&gt;
E     &lt;head&gt;
E     
E     &lt;title&gt;preview.emergentagent.com | 502: Bad gateway&lt;/title&gt;
E     &lt;meta charset="UT
E   assert 502 == 200
E    +  where 502 = &lt;Response [502]&gt;.status_code</error></testcase><testcase classname="tests.test_pptx_export.TestPptxArchive" name="test_native_tables_present[variant0]" time="0.000"><error message="failed on setup with &quot;AssertionError: export failed for weekly/all: 502 &lt;!DOCTYPE html&gt;&#10;  &lt;!--[if lt IE 7]&gt; &lt;html class=&quot;no-js ie6 oldie&quot; lang=&quot;en-US&quot;&gt; &lt;![endif]--&gt;&#10;  &lt;!--[if IE 7]&gt;    &lt;html class=&quot;no-js ie7 oldie&quot; lang=&quot;en-US&quot;&gt; &lt;![endif]--&gt;&#10;  &lt;!--[if IE 8]&gt;    &lt;html class=&quot;no-js ie8 oldie&quot; lang=&quot;en-US&quot;&gt; &lt;![endif]--&gt;&#10;  &lt;!--[if gt IE 8]&gt;&lt;!--&gt; &lt;html class=&quot;no-js&quot; lang=&quot;en-US&quot;&gt; &lt;!--&lt;![endif]--&gt;&#10;  &lt;head&gt;&#10;  &#10;  &lt;title&gt;preview.emergentagent.com | 502: Bad gateway&lt;/title&gt;&#10;  &lt;meta charset=&quot;UT&#10;assert 502 == 200&#10; +  where 502 = &lt;Response [502]&gt;.status_code&quot;">tests/test_pptx_export.py:67: in pptx_files
    assert r.status_code == 200, (
E   AssertionError: export failed for weekly/all: 502 &lt;!DOCTYPE html&gt;
E     &lt;!--[if lt IE 7]&gt; &lt;html class="no-js ie6 oldie" lang="en-US"&gt; &lt;![endif]--&gt;
E     &lt;!--[if IE 7]&gt;    &lt;html class="no-js ie7 oldie" lang="en-US"&gt; &lt;![endif]--&gt;
E     &lt;!--[if IE 8]&gt;    &lt;html class="no-js ie8 oldie" lang="en-US"&gt; &lt;![endif]--&gt;
E     &lt;!--[if gt IE 8]&gt;&lt;!--&gt; &lt;html class="no-js" lang="en-US"&gt; &lt;!--&lt;![endif]--&gt;
E     &lt;head&gt;
E     
E     &lt;title&gt;preview.emergentagent.com | 502: Bad gateway&lt;/title&gt;
E     &lt;meta charset="UT
E   assert 502 == 200
E    +  where 502 = &lt;Response [502]&gt;.status_code</error></testcase><testcase classname="tests.test_pptx_export.TestConsultingDesignOverhaul" name="test_client_impact_funnel_labels_present[variant0]" time="0.000"><error message="failed on setup with &quot;AssertionError: export failed for weekly/all: 502 &lt;!DOCTYPE html&gt;&#10;  &lt;!--[if lt IE 7]&gt; &lt;html class=&quot;no-js ie6 oldie&quot; lang=&quot;en-US&quot;&gt; &lt;![endif]--&gt;&#10;  &lt;!--[if IE 7]&gt;    &lt;html class=&quot;no-js ie7 oldie&quot; lang=&quot;en-US&quot;&gt; &lt;![endif]--&gt;&#10;  &lt;!--[if IE 8]&gt;    &lt;html class=&quot;no-js ie8 oldie&quot; lang=&quot;en-US&quot;&gt; &lt;![endif]--&gt;&#10;  &lt;!--[if gt IE 8]&gt;&lt;!--&gt; &lt;html class=&quot;no-js&quot; lang=&quot;en-US&quot;&gt; &lt;!--&lt;![endif]--&gt;&#10;  &lt;head&gt;&#10;  &#10;  &lt;title&gt;preview.emergentagent.com | 502: Bad gateway&lt;/title&gt;&#10;  &lt;meta charset=&quot;UT&#10;assert 502 == 200&#10; +  where 502 = &lt;Response [502]&gt;.status_code&quot;">tests/test_pptx_export.py:67: in pptx_files
    assert r.status_code == 200, (
E   AssertionError: export failed for weekly/all: 502 &lt;!DOCTYPE html&gt;
E     &lt;!--[if lt IE 7]&gt; &lt;html class="no-js ie6 oldie" lang="en-US"&gt; &lt;![endif]--&gt;
E     &lt;!--[if IE 7]&gt;    &lt;html class="no-js ie7 oldie" lang="en-US"&gt; &lt;![endif]--&gt;
E     &lt;!--[if IE 8]&gt;    &lt;html class="no-js ie8 oldie" lang="en-US"&gt; &lt;![endif]--&gt;
E     &lt;!--[if gt IE 8]&gt;&lt;!--&gt; &lt;html class="no-js" lang="en-US"&gt; &lt;!--&lt;![endif]--&gt;
E     &lt;head&gt;
E     
E     &lt;title&gt;preview.emergentagent.com | 502: Bad gateway&lt;/title&gt;
E     &lt;meta charset="UT
E   assert 502 == 200
E    +  where 502 = &lt;Response [502]&gt;.status_code</error></testcase><testcase classname="tests.test_pptx_export.TestConsultingDesignOverhaul" name="test_client_impact_funnel_labels_present[variant1]" time="0.000"><error message="failed on setup with &quot;AssertionError: export failed for weekly/all: 502 &lt;!DOCTYPE html&gt;&#10;  &lt;!--[if lt IE 7]&gt; &lt;html class=&quot;no-js ie6 oldie&quot; lang=&quot;en-US&quot;&gt; &lt;![endif]--&gt;&#10;  &lt;!--[if IE 7]&gt;    &lt;html class=&quot;no-js ie7 oldie&quot; lang=&quot;en-US&quot;&gt; &lt;![endif]--&gt;&#10;  &lt;!--[if IE 8]&gt;    &lt;html class=&quot;no-js ie8 oldie&quot; lang=&quot;en-US&quot;&gt; &lt;![endif]--&gt;&#10;  &lt;!--[if gt IE 8]&gt;&lt;!--&gt; &lt;html class=&quot;no-js&quot; lang=&quot;en-US&quot;&gt; &lt;!--&lt;![endif]--&gt;&#10;  &lt;head&gt;&#10;  &#10;  &lt;title&gt;preview.emergentagent.com | 502: Bad gateway&lt;/title&gt;&#10;  &lt;meta charset=&quot;UT&#10;assert 502 == 200&#10; +  where 502 = &lt;Response [502]&gt;.status_code&quot;">tests/test_pptx_export.py:67: in pptx_files
    assert r.status_code == 200, (
E   AssertionError: export failed for weekly/all: 502 &lt;!DOCTYPE html&gt;
E     &lt;!--[if lt IE 7]&gt; &lt;html class="no-js ie6 oldie" lang="en-US"&gt; &lt;![endif]--&gt;
E     &lt;!--[if IE 7]&gt;    &lt;html class="no-js ie7 oldie" lang="en-US"&gt; &lt;![endif]--&gt;
E     &lt;!--[if IE 8]&gt;    &lt;html class="no-js ie8 oldie" lang="en-US"&gt; &lt;![endif]--&gt;
E     &lt;!--[if gt IE 8]&gt;&lt;!--&gt; &lt;html class="no-js" lang="en-US"&gt; &lt;!--&lt;![endif]--&gt;
E     &lt;head&gt;
E     
E     &lt;title&gt;preview.emergentagent.com | 502: Bad gateway&lt;/title&gt;
E     &lt;meta charset="UT
E   assert 502 == 200
E    +  where 502 = &lt;Response [502]&gt;.status_code</error></testcase><testcase classname="tests.test_pptx_export.TestPptxArchive" name="test_native_tables_present[variant1]" time="0.000"><error message="failed on setup with &quot;AssertionError: export failed for weekly/all: 502 &lt;!DOCTYPE html&gt;&#10;  &lt;!--[if lt IE 7]&gt; &lt;html class=&quot;no-js ie6 oldie&quot; lang=&quot;en-US&quot;&gt; &lt;![endif]--&gt;&#10;  &lt;!--[if IE 7]&gt;    &lt;html class=&quot;no-js ie7 oldie&quot; lang=&quot;en-US&quot;&gt; &lt;![endif]--&gt;&#10;  &lt;!--[if IE 8]&gt;    &lt;html class=&quot;no-js ie8 oldie&quot; lang=&quot;en-US&quot;&gt; &lt;![endif]--&gt;&#10;  &lt;!--[if gt IE 8]&gt;&lt;!--&gt; &lt;html class=&quot;no-js&quot; lang=&quot;en-US&quot;&gt; &lt;!--&lt;![endif]--&gt;&#10;  &lt;head&gt;&#10;  &#10;  &lt;title&gt;preview.emergentagent.com | 502: Bad gateway&lt;/title&gt;&#10;  &lt;meta charset=&quot;UT&#10;assert 502 == 200&#10; +  where 502 = &lt;Response [502]&gt;.status_code&quot;">tests/test_pptx_export.py:67: in pptx_files
    assert r.status_code == 200, (
E   AssertionError: export failed for weekly/all: 502 &lt;!DOCTYPE html&gt;
E     &lt;!--[if lt IE 7]&gt; &lt;html class="no-js ie6 oldie" lang="en-US"&gt; &lt;![endif]--&gt;
E     &lt;!--[if IE 7]&gt;    &lt;html class="no-js ie7 oldie" lang="en-US"&gt; &lt;![endif]--&gt;
E     &lt;!--[if IE 8]&gt;    &lt;html class="no-js ie8 oldie" lang="en-US"&gt; &lt;![endif]--&gt;
E     &lt;!--[if gt IE 8]&gt;&lt;!--&gt; &lt;html class="no-js" lang="en-US"&gt; &lt;!--&lt;![endif]--&gt;
E     &lt;head&gt;
E     
E     &lt;title&gt;preview.emergentagent.com | 502: Bad gateway&lt;/title&gt;
E     &lt;meta charset="UT
E   assert 502 == 200
E    +  where 502 = &lt;Response [502]&gt;.status_code</error></testcase><testcase classname="tests.test_pptx_export.TestConsultingDesignOverhaul" name="test_client_impact_funnel_labels_present[variant2]" time="0.000"><error message="failed on setup with &quot;AssertionError: export failed for weekly/all: 502 &lt;!DOCTYPE html&gt;&#10;  &lt;!--[if lt IE 7]&gt; &lt;html class=&quot;no-js ie6 oldie&quot; lang=&quot;en-US&quot;&gt; &lt;![endif]--&gt;&#10;  &lt;!--[if IE 7]&gt;    &lt;html class=&quot;no-js ie7 oldie&quot; lang=&quot;en-US&quot;&gt; &lt;![endif]--&gt;&#10;  &lt;!--[if IE 8]&gt;    &lt;html class=&quot;no-js ie8 oldie&quot; lang=&quot;en-US&quot;&gt; &lt;![endif]--&gt;&#10;  &lt;!--[if gt IE 8]&gt;&lt;!--&gt; &lt;html class=&quot;no-js&quot; lang=&quot;en-US&quot;&gt; &lt;!--&lt;![endif]--&gt;&#10;  &lt;head&gt;&#10;  &#10;  &lt;title&gt;preview.emergentagent.com | 502: Bad gateway&lt;/title&gt;&#10;  &lt;meta charset=&quot;UT&#10;assert 502 == 200&#10; +  where 502 = &lt;Response [502]&gt;.status_code&quot;">tests/test_pptx_export.py:67: in pptx_files
    assert r.status_code == 200, (
E   AssertionError: export failed for weekly/all: 502 &lt;!DOCTYPE html&gt;
E     &lt;!--[if lt IE 7]&gt; &lt;html class="no-js ie6 oldie" lang="en-US"&gt; &lt;![endif]--&gt;
E     &lt;!--[if IE 7]&gt;    &lt;html class="no-js ie7 oldie" lang="en-US"&gt; &lt;![endif]--&gt;
E     &lt;!--[if IE 8]&gt;    &lt;html class="no-js ie8 oldie" lang="en-US"&gt; &lt;![endif]--&gt;
E     &lt;!--[if gt IE 8]&gt;&lt;!--&gt; &lt;html class="no-js" lang="en-US"&gt; &lt;!--&lt;![endif]--&gt;
E     &lt;head&gt;
E     
E     &lt;title&gt;preview.emergentagent.com | 502: Bad gateway&lt;/title&gt;
E     &lt;meta charset="UT
E   assert 502 == 200
E    +  where 502 = &lt;Response [502]&gt;.status_code</error></testcase><testcase classname="tests.test_pptx_export.TestPptxArchive" name="test_native_tables_present[variant2]" time="0.000"><error message="failed on setup with &quot;AssertionError: export failed for weekly/all: 502 &lt;!DOCTYPE html&gt;&#10;  &lt;!--[if lt IE 7]&gt; &lt;html class=&quot;no-js ie6 oldie&quot; lang=&quot;en-US&quot;&gt; &lt;![endif]--&gt;&#10;  &lt;!--[if IE 7]&gt;    &lt;html class=&quot;no-js ie7 oldie&quot; lang=&quot;en-US&quot;&gt; &lt;![endif]--&gt;&#10;  &lt;!--[if IE 8]&gt;    &lt;html class=&quot;no-js ie8 oldie&quot; lang=&quot;en-US&quot;&gt; &lt;![endif]--&gt;&#10;  &lt;!--[if gt IE 8]&gt;&lt;!--&gt; &lt;html class=&quot;no-js&quot; lang=&quot;en-US&quot;&gt; &lt;!--&lt;![endif]--&gt;&#10;  &lt;head&gt;&#10;  &#10;  &lt;title&gt;preview.emergentagent.com | 502: Bad gateway&lt;/title&gt;&#10;  &lt;meta charset=&quot;UT&#10;assert 502 == 200&#10; +  where 502 = &lt;Response [502]&gt;.status_code&quot;">tests/test_pptx_export.py:67: in pptx_files
    assert r.status_code == 200, (
E   AssertionError: export failed for weekly/all: 502 &lt;!DOCTYPE html&gt;
E     &lt;!--[if lt IE 7]&gt; &lt;html class="no-js ie6 oldie" lang="en-US"&gt; &lt;![endif]--&gt;
E     &lt;!--[if IE 7]&gt;    &lt;html class="no-js ie7 oldie" lang="en-US"&gt; &lt;![endif]--&gt;
E     &lt;!--[if IE 8]&gt;    &lt;html class="no-js ie8 oldie" lang="en-US"&gt; &lt;![endif]--&gt;
E     &lt;!--[if gt IE 8]&gt;&lt;!--&gt; &lt;html class="no-js" lang="en-US"&gt; &lt;!--&lt;![endif]--&gt;
E     &lt;head&gt;
E     
E     &lt;title&gt;preview.emergentagent.com | 502: Bad gateway&lt;/title&gt;
E     &lt;meta charset="UT
E   assert 502 == 200
E    +  where 502 = &lt;Response [502]&gt;.status_code</error></testcase><testcase classname="tests.test_pptx_export.TestConsultingDesignOverhaul" name="test_no_matplotlib_or_screenshots_in_source[variant0]" time="0.000"><error message="failed on setup with &quot;AssertionError: export failed for weekly/all: 502 &lt;!DOCTYPE html&gt;&#10;  &lt;!--[if lt IE 7]&gt; &lt;html class=&quot;no-js ie6 oldie&quot; lang=&quot;en-US&quot;&gt; &lt;![endif]--&gt;&#10;  &lt;!--[if IE 7]&gt;    &lt;html class=&quot;no-js ie7 oldie&quot; lang=&quot;en-US&quot;&gt; &lt;![endif]--&gt;&#10;  &lt;!--[if IE 8]&gt;    &lt;html class=&quot;no-js ie8 oldie&quot; lang=&quot;en-US&quot;&gt; &lt;![endif]--&gt;&#10;  &lt;!--[if gt IE 8]&gt;&lt;!--&gt; &lt;html class=&quot;no-js&quot; lang=&quot;en-US&quot;&gt; &lt;!--&lt;![endif]--&gt;&#10;  &lt;head&gt;&#10;  &#10;  &lt;title&gt;preview.emergentagent.com | 502: Bad gateway&lt;/title&gt;&#10;  &lt;meta charset=&quot;UT&#10;assert 502 == 200&#10; +  where 502 = &lt;Response [502]&gt;.status_code&quot;">tests/test_pptx_export.py:67: in pptx_files
    assert r.status_code == 200, (
E   AssertionError: export failed for weekly/all: 502 &lt;!DOCTYPE html&gt;
E     &lt;!--[if lt IE 7]&gt; &lt;html class="no-js ie6 oldie" lang="en-US"&gt; &lt;![endif]--&gt;
E     &lt;!--[if IE 7]&gt;    &lt;html class="no-js ie7 oldie" lang="en-US"&gt; &lt;![endif]--&gt;
E     &lt;!--[if IE 8]&gt;    &lt;html class="no-js ie8 oldie" lang="en-US"&gt; &lt;![endif]--&gt;
E     &lt;!--[if gt IE 8]&gt;&lt;!--&gt; &lt;html class="no-js" lang="en-US"&gt; &lt;!--&lt;![endif]--&gt;
E     &lt;head&gt;
E     
[...]
E   AssertionError: export failed for weekly/all: 502 &lt;!DOCTYPE html&gt;
E     &lt;!--[if lt IE 7]&gt; &lt;html class="no-js ie6 oldie" lang="en-US"&gt; &lt;![endif]--&gt;
E     &lt;!--[if IE 7]&gt;    &lt;html class="no-js ie7 oldie" lang="en-US"&gt; &lt;![endif]--&gt;
E     &lt;!--[if IE 8]&gt;    &lt;html class="no-js ie8 oldie" lang="en-US"&gt; &lt;![endif]--&gt;
E     &lt;!--[if gt IE 8]&gt;&lt;!--&gt; &lt;html class="no-js" lang="en-US"&gt; &lt;!--&lt;![endif]--&gt;
E     &lt;head&gt;
E     
E     &lt;title&gt;preview.emergentagent.com | 502: Bad gateway&lt;/title&gt;
E     &lt;meta charset="UT
E   assert 502 == 200
E    +  where 502 = &lt;Response [502]&gt;.status_code</error></testcase><testcase classname="tests.test_pptx_export.TestPptxArchive" name="test_footer_page_indicators[variant0]" time="0.000"><error message="failed on setup with &quot;AssertionError: export failed for weekly/all: 502 &lt;!DOCTYPE html&gt;&#10;  &lt;!--[if lt IE 7]&gt; &lt;html class=&quot;no-js ie6 oldie&quot; lang=&quot;en-US&quot;&gt; &lt;![endif]--&gt;&#10;  &lt;!--[if IE 7]&gt;    &lt;html class=&quot;no-js ie7 oldie&quot; lang=&quot;en-US&quot;&gt; &lt;![endif]--&gt;&#10;  &lt;!--[if IE 8]&gt;    &lt;html class=&quot;no-js ie8 oldie&quot; lang=&quot;en-US&quot;&gt; &lt;![endif]--&gt;&#10;  &lt;!--[if gt IE 8]&gt;&lt;!--&gt; &lt;html class=&quot;no-js&quot; lang=&quot;en-US&quot;&gt; &lt;!--&lt;![endif]--&gt;&#10;  &lt;head&gt;&#10;  &#10;  &lt;title&gt;preview.emergentagent.com | 502: Bad gateway&lt;/title&gt;&#10;  &lt;meta charset=&quot;UT&#10;assert 502 == 200&#10; +  where 502 = &lt;Response [502]&gt;.status_code&quot;">tests/test_pptx_export.py:67: in pptx_files
    assert r.status_code == 200, (
E   AssertionError: export failed for weekly/all: 502 &lt;!DOCTYPE html&gt;
E     &lt;!--[if lt IE 7]&gt; &lt;html class="no-js ie6 oldie" lang="en-US"&gt; &lt;![endif]--&gt;
E     &lt;!--[if IE 7]&gt;    &lt;html class="no-js ie7 oldie" lang="en-US"&gt; &lt;![endif]--&gt;
E     &lt;!--[if IE 8]&gt;    &lt;html class="no-js ie8 oldie" lang="en-US"&gt; &lt;![endif]--&gt;
E     &lt;!--[if gt IE 8]&gt;&lt;!--&gt; &lt;html class="no-js" lang="en-US"&gt; &lt;!--&lt;![endif]--&gt;
E     &lt;head&gt;
E     
E     &lt;title&gt;preview.emergentagent.com | 502: Bad gateway&lt;/title&gt;
E     &lt;meta charset="UT
E   assert 502 == 200
E    +  where 502 = &lt;Response [502]&gt;.status_code</error></testcase><testcase classname="tests.test_pptx_export.TestPptxArchive" name="test_footer_page_indicators[variant1]" time="0.000"><error message="failed on setup with &quot;AssertionError: export failed for weekly/all: 502 &lt;!DOCTYPE html&gt;&#10;  &lt;!--[if lt IE 7]&gt; &lt;html class=&quot;no-js ie6 oldie&quot; lang=&quot;en-US&quot;&gt; &lt;![endif]--&gt;&#10;  &lt;!--[if IE 7]&gt;    &lt;html class=&quot;no-js ie7 oldie&quot; lang=&quot;en-US&quot;&gt; &lt;![endif]--&gt;&#10;  &lt;!--[if IE 8]&gt;    &lt;html class=&quot;no-js ie8 oldie&quot; lang=&quot;en-US&quot;&gt; &lt;![endif]--&gt;&#10;  &lt;!--[if gt IE 8]&gt;&lt;!--&gt; &lt;html class=&quot;no-js&quot; lang=&quot;en-US&quot;&gt; &lt;!--&lt;![endif]--&gt;&#10;  &lt;head&gt;&#10;  &#10;  &lt;title&gt;preview.emergentagent.com | 502: Bad gateway&lt;/title&gt;&#10;  &lt;meta charset=&quot;UT&#10;assert 502 == 200&#10; +  where 502 = &lt;Response [502]&gt;.status_code&quot;">tests/test_pptx_export.py:67: in pptx_files
    assert r.status_code == 200, (
E   AssertionError: export failed for weekly/all: 502 &lt;!DOCTYPE html&gt;
E     &lt;!--[if lt IE 7]&gt; &lt;html class="no-js ie6 oldie" lang="en-US"&gt; &lt;![endif]--&gt;
E     &lt;!--[if IE 7]&gt;    &lt;html class="no-js ie7 oldie" lang="en-US"&gt; &lt;![endif]--&gt;
E     &lt;!--[if IE 8]&gt;    &lt;html class="no-js ie8 oldie" lang="en-US"&gt; &lt;![endif]--&gt;
E     &lt;!--[if gt IE 8]&gt;&lt;!--&gt; &lt;html class="no-js" lang="en-US"&gt; &lt;!--&lt;![endif]--&gt;
E     &lt;head&gt;
E     
E     &lt;title&gt;preview.emergentagent.com | 502: Bad gateway&lt;/title&gt;
E     &lt;meta charset="UT
E   assert 502 == 200
E    +  where 502 = &lt;Response [502]&gt;.status_code</error></testcase><testcase classname="tests.test_pptx_export.TestPptxArchive" name="test_footer_page_indicators[variant2]" time="0.000"><error message="failed on setup with &quot;AssertionError: export failed for weekly/all: 502 &lt;!DOCTYPE html&gt;&#10;  &lt;!--[if lt IE 7]&gt; &lt;html class=&quot;no-js ie6 oldie&quot; lang=&quot;en-US&quot;&gt; &lt;![endif]--&gt;&#10;  &lt;!--[if IE 7]&gt;    &lt;html class=&quot;no-js ie7 oldie&quot; lang=&quot;en-US&quot;&gt; &lt;![endif]--&gt;&#10;  &lt;!--[if IE 8]&gt;    &lt;html class=&quot;no-js ie8 oldie&quot; lang=&quot;en-US&quot;&gt; &lt;![endif]--&gt;&#10;  &lt;!--[if gt IE 8]&gt;&lt;!--&gt; &lt;html class=&quot;no-js&quot; lang=&quot;en-US&quot;&gt; &lt;!--&lt;![endif]--&gt;&#10;  &lt;head&gt;&#10;  &#10;  &lt;title&gt;preview.emergentagent.com | 502: Bad gateway&lt;/title&gt;&#10;  &lt;meta charset=&quot;UT&#10;assert 502 == 200&#10; +  where 502 = &lt;Response [502]&gt;.status_code&quot;">tests/test_pptx_export.py:67: in pptx_files
    assert r.status_code == 200, (
E   AssertionError: export failed for weekly/all: 502 &lt;!DOCTYPE html&gt;
E     &lt;!--[if lt IE 7]&gt; &lt;html class="no-js ie6 oldie" lang="en-US"&gt; &lt;![endif]--&gt;
E     &lt;!--[if IE 7]&gt;    &lt;html class="no-js ie7 oldie" lang="en-US"&gt; &lt;![endif]--&gt;
E     &lt;!--[if IE 8]&gt;    &lt;html class="no-js ie8 oldie" lang="en-US"&gt; &lt;![endif]--&gt;
E     &lt;!--[if gt IE 8]&gt;&lt;!--&gt; &lt;html class="no-js" lang="en-US"&gt; &lt;!--&lt;![endif]--&gt;
E     &lt;head&gt;
E     
E     &lt;title&gt;preview.emergentagent.com | 502: Bad gateway&lt;/title&gt;
E     &lt;meta charset="UT
E   assert 502 == 200
E    +  where 502 = &lt;Response [502]&gt;.status_code</error></testcase><testcase classname="tests.test_pptx_export.TestPptxArchive" name="test_deck_size_reasonable[variant0]" time="0.000"><error message="failed on setup with &quot;AssertionError: export failed for weekly/all: 502 &lt;!DOCTYPE html&gt;&#10;  &lt;!--[if lt IE 7]&gt; &lt;html class=&quot;no-js ie6 oldie&quot; lang=&quot;en-US&quot;&gt; &lt;![endif]--&gt;&#10;  &lt;!--[if IE 7]&gt;    &lt;html class=&quot;no-js ie7 oldie&quot; lang=&quot;en-US&quot;&gt; &lt;![endif]--&gt;&#10;  &lt;!--[if IE 8]&gt;    &lt;html class=&quot;no-js ie8 oldie&quot; lang=&quot;en-US&quot;&gt; &lt;![endif]--&gt;&#10;  &lt;!--[if gt IE 8]&gt;&lt;!--&gt; &lt;html class=&quot;no-js&quot; lang=&quot;en-US&quot;&gt; &lt;!--&lt;![endif]--&gt;&#10;  &lt;head&gt;&#10;  &#10;  &lt;title&gt;preview.emergentagent.com | 502: Bad gateway&lt;/title&gt;&#10;  &lt;meta charset=&quot;UT&#10;assert 502 == 200&#10; +  where 502 = &lt;Response [502]&gt;.status_code&quot;">tests/test_pptx_export.py:67: in pptx_files
    assert r.status_code == 200, (
E   AssertionError: export failed for weekly/all: 502 &lt;!DOCTYPE html&gt;
E     &lt;!--[if lt IE 7]&gt; &lt;html class="no-js ie6 oldie" lang="en-US"&gt; &lt;![endif]--&gt;
E     &lt;!--[if IE 7]&gt;    &lt;html class="no-js ie7 oldie" lang="en-US"&gt; &lt;![endif]--&gt;
E     &lt;!--[if IE 8]&gt;    &lt;html class="no-js ie8 oldie" lang="en-US"&gt; &lt;![endif]--&gt;
E     &lt;!--[if gt IE 8]&gt;&lt;!--&gt; &lt;html class="no-js" lang="en-US"&gt; &lt;!--&lt;![endif]--&gt;
E     &lt;head&gt;
E     
E     &lt;title&gt;preview.emergentagent.com | 502: Bad gateway&lt;/title&gt;
E     &lt;meta charset="UT
E   assert 502 == 200
E    +  where 502 = &lt;Response [502]&gt;.status_code</error></testcase><testcase classname="tests.test_pptx_export.TestPptxArchive" name="test_deck_size_reasonable[variant1]" time="0.000"><error message="failed on setup with &quot;AssertionError: export failed for weekly/all: 502 &lt;!DOCTYPE html&gt;&#10;  &lt;!--[if lt IE 7]&gt; &lt;html class=&quot;no-js ie6 oldie&quot; lang=&quot;en-US&quot;&gt; &lt;![endif]--&gt;&#10;  &lt;!--[if IE 7]&gt;    &lt;html class=&quot;no-js ie7 oldie&quot; lang=&quot;en-US&quot;&gt; &lt;![endif]--&gt;&#10;  &lt;!--[if IE 8]&gt;    &lt;html class=&quot;no-js ie8 oldie&quot; lang=&quot;en-US&quot;&gt; &lt;![endif]--&gt;&#10;  &lt;!--[if gt IE 8]&gt;&lt;!--&gt; &lt;html class=&quot;no-js&quot; lang=&quot;en-US&quot;&gt; &lt;!--&lt;![endif]--&gt;&#10;  &lt;head&gt;&#10;  &#10;  &lt;title&gt;preview.emergentagent.com | 502: Bad gateway&lt;/title&gt;&#10;  &lt;meta charset=&quot;UT&#10;assert 502 == 200&#10; +  where 502 = &lt;Response [502]&gt;.status_code&quot;">tests/test_pptx_export.py:67: in pptx_files
    assert r.status_code == 200, (
E   AssertionError: export failed for weekly/all: 502 &lt;!DOCTYPE html&gt;
E     &lt;!--[if lt IE 7]&gt; &lt;html class="no-js ie6 oldie" lang="en-US"&gt; &lt;![endif]--&gt;
E     &lt;!--[if IE 7]&gt;    &lt;html class="no-js ie7 oldie" lang="en-US"&gt; &lt;![endif]--&gt;
E     &lt;!--[if IE 8]&gt;    &lt;html class="no-js ie8 oldie" lang="en-US"&gt; &lt;![endif]--&gt;
E     &lt;!--[if gt IE 8]&gt;&lt;!--&gt; &lt;html class="no-js" lang="en-US"&gt; &lt;!--&lt;![endif]--&gt;
E     &lt;head&gt;
E     
E     &lt;title&gt;preview.emergentagent.com | 502: Bad gateway&lt;/title&gt;
E     &lt;meta charset="UT
E   assert 502 == 200
E    +  where 502 = &lt;Response [502]&gt;.status_code</error></testcase><testcase classname="tests.test_pptx_export.TestPptxArchive" name="test_deck_size_reasonable[variant2]" time="0.000"><error message="failed on setup with &quot;AssertionError: export failed for weekly/all: 502 &lt;!DOCTYPE html&gt;&#10;  &lt;!--[if lt IE 7]&gt; &lt;html class=&quot;no-js ie6 oldie&quot; lang=&quot;en-US&quot;&gt; &lt;![endif]--&gt;&#10;  &lt;!--[if IE 7]&gt;    &lt;html class=&quot;no-js ie7 oldie&quot; lang=&quot;en-US&quot;&gt; &lt;![endif]--&gt;&#10;  &lt;!--[if IE 8]&gt;    &lt;html class=&quot;no-js ie8 oldie&quot; lang=&quot;en-US&quot;&gt; &lt;![endif]--&gt;&#10;  &lt;!--[if gt IE 8]&gt;&lt;!--&gt; &lt;html class=&quot;no-js&quot; lang=&quot;en-US&quot;&gt; &lt;!--&lt;![endif]--&gt;&#10;  &lt;head&gt;&#10;  &#10;  &lt;title&gt;preview.emergentagent.com | 502: Bad gateway&lt;/title&gt;&#10;  &lt;meta charset=&quot;UT&#10;assert 502 == 200&#10; +  where 502 = &lt;Response [502]&gt;.status_code&quot;">tests/test_pptx_export.py:67: in pptx_files
    assert r.status_code == 200, (
E   AssertionError: export failed for weekly/all: 502 &lt;!DOCTYPE html&gt;
E     &lt;!--[if lt IE 7]&gt; &lt;html class="no-js ie6 oldie" lang="en-US"&gt; &lt;![endif]--&gt;
E     &lt;!--[if IE 7]&gt;    &lt;html class="no-js ie7 oldie" lang="en-US"&gt; &lt;![endif]--&gt;
E     &lt;!--[if IE 8]&gt;    &lt;html class="no-js ie8 oldie" lang="en-US"&gt; &lt;![endif]--&gt;
E     &lt;!--[if gt IE 8]&gt;&lt;!--&gt; &lt;html class="no-js" lang="en-US"&gt; &lt;!--&lt;![endif]--&gt;
E     &lt;head&gt;
E     
E     &lt;title&gt;preview.emergentagent.com | 502: Bad gateway&lt;/title&gt;
E     &lt;meta charset="UT
E   assert 502 == 200
E    +  where 502 = &lt;Response [502]&gt;.status_code</error></testcase><testcase classname="tests.backend_test.TestAuth" name="test_admin_login_success" time="10.626" /><testcase classname="tests.backend_test.TestAuth" name="test_invalid_credentials" time="57.657" /><testcase classname="tests.backend_test.TestDashboards" name="test_endpoint_period[weekly-/dashboard/executive]" time="68.524" /><testcase classname="tests.backend_test.TestAuth" name="test_unknown_email" time="0.093" /><testcase classname="tests.backend_test.TestDashboards" name="test_endpoint_period[weekly-/dashboard/soc-manager]" time="0.095" /><testcase classname="tests.backend_test.TestDashboards" name="test_endpoint_period[weekly-/dashboard/client]" time="0.265" /><testcase classname="tests.backend_test.TestDashboards" name="test_endpoint_period[weekly-/dashboard/detection-engineering]" time="0.060" /><testcase classname="tests.backend_test.TestAuth" name="test_me_with_bearer" time="0.354" /><testcase classname="tests.backend_test.TestDashboards" name="test_endpoint_period[weekly-/dashboard/threat-intel]" time="0.048" /><testcase classname="tests.backend_test.TestAuth" name="test_me_without_token" time="0.276" /><testcase classname="tests.backend_test.TestDashboards" name="test_endpoint_period[weekly-/dashboard/soar-automation]" time="0.049" /><testcase classname="tests.backend_test.TestDashboards" name="test_endpoint_period[monthly-/dashboard/executive]" time="0.054" /><testcase classname="tests.backend_test.TestDashboards" name="test_endpoint_period[monthly-/dashboard/soc-manager]" time="0.049" /><testcase classname="tests.backend_test.TestDashboards" name="test_endpoint_period[monthly-/dashboard/client]" time="0.046" /><testcase classname="tests.backend_test.TestDashboards" name="test_endpoint_period[monthly-/dashboard/detection-engineering]" time="0.046" /><testcase classname="tests.backend_test.TestDashboards" name="test_endpoint_period[monthly-/dashboard/threat-intel]" time="0.050" /><testcase classname="tests.backend_test.TestAuth" name="test_dashboard_requires_auth" time="0.879" /><testcase classname="tests.backend_test.TestDashboards" name="test_endpoint_period[monthly-/dashboard/soar-automation]" time="0.048" /><testcase classname="tests.backend_test.TestDashboards" name="test_endpoint_period[quarterly-/dashboard/executive]" time="0.048" /><testcase classname="tests.backend_test.TestDashboards" name="test_endpoint_period[quarterly-/dashboard/soc-manager]" time="0.047" /><testcase classname="tests.backend_test.TestDashboards" name="test_endpoint_period[quarterly-/dashboard/client]" time="0.047" /><testcase classname="tests.backend_test.TestDashboards" name="test_endpoint_period[quarterly-/dashboard/detection-engineering]" time="0.046" /><testcase classname="tests.backend_test.TestDashboards" name="test_endpoint_period[quarterly-/dashboard/threat-intel]" time="0.047" /><testcase classname="tests.backend_test.TestDashboards" name="test_endpoint_period[quarterly-/dashboard/soar-automation]" time="0.050" /><testcase classname="tests.backend_test.TestDashboards" name="test_invalid_period" time="0.049" /><testcase classname="tests.backend_test.TestDashboards" name="test_executive_shape" time="0.050" /><testcase classname="tests.backend_test.TestDashboards" name="test_soc_manager_shape" time="0.048" /><testcase classname="tests.backend_test.TestDashboards" name="test_detection_engineering_shape" time="0.047" /><testcase classname="tests.backend_test.TestDashboards" name="test_threat_intel_shape" time="0.052" /><testcase classname="tests.backend_test.TestDashboards" name="test_soar_shape" time="0.045" /><testcase classname="tests.backend_test.TestDashboards" name="test_client_shape" time="0.045" /><testcase classname="tests.backend_test.TestDashboards" name="test_period_variation" time="0.145" /><testcase classname="tests.backend_test.TestDashboards" name="test_no_mongo_objectid_leaks" time="0.826" /><testcase classname="tests.backend_test.TestAuth" name="test_persona_login[soc.manager@mssp-soc.io-SocManager@2026!-soc_manager]" time="0.270" /><testcase classname="tests.backend_test.TestAuth" name="test_persona_login[client@mssp-soc.io-Client@2026!-client]" time="0.275" /><testcase classname="tests.backend_test.TestAuth" name="test_persona_login[detection@mssp-soc.io-Detection@2026!-detection_engineer]" time="0.309" /><testcase classname="tests.test_v2_features.TestTenants" name="test_list_tenants_requires_auth" time="0.002" /><testcase classname="tests.backend_test.TestAuth" name="test_persona_login[ti.analyst@mssp-soc.io-TiAnalyst@2026!-ti_analyst]" time="0.268" /><testcase classname="tests.backend_test.TestAuth" name="test_persona_login[automation@mssp-soc.io-Automation@2026!-automation_engineer]" time="0.447" /><testcase classname="tests.test_v2_features.TestTenants" name="test_list_default_tenants" time="0.756" /><testcase classname="tests.backend_test.TestUpload" name="test_upload_csv_all_sources[qradar]" time="0.159" /><testcase classname="tests.test_v2_features.TestTenants" name="test_create_tenant" time="0.268" /><testcase classname="tests.backend_test.TestUpload" name="test_upload_csv_all_sources[xsoar]" time="0.148" /><testcase classname="tests.test_v2_features.TestTenants" name="test_create_tenant_duplicate" time="0.100" /><testcase classname="tests.backend_test.TestUpload" name="test_upload_csv_all_sources[threat_intel]" time="0.108" /><testcase classname="tests.test_v2_features.TestTenants" name="test_patch_tenant_updates_branding" time="0.236" /><testcase classname="tests.backend_test.TestUpload" name="test_upload_invalid_source" time="0.144" /><testcase classname="tests.backend_test.TestUpload" name="test_upload_unsupported_file" time="0.110" /><testcase classname="tests.test_v2_features.TestTenants" name="test_upload_logo" time="0.144" /><testcase classname="tests.backend_test.TestUpload" name="test_upload_requires_auth" time="0.101" /><testcase classname="tests.test_v2_features.TestTenants" name="test_upload_logo_rejects_non_image" time="0.144" /><testcase classname="tests.backend_test.TestUpload" name="test_upload_history" time="0.055" /><testcase classname="tests.test_pptx_export.TestSourceCode" name="test_source_has_no_matplotlib" time="0.000" /><testcase classname="tests.test_pptx_export.TestSourceCode" name="test_source_has_no_picture_insert" time="0.000" /><testcase classname="tests.test_pptx_export.TestSourceCode" name="test_source_uses_native_chart_api" time="0.000" /><testcase classname="tests.test_pptx_export.TestSourceCode" name="test_source_dead_loop_removed" time="0.000" /><testcase classname="tests.test_pptx_export.TestSourceCode" name="test_source_total_slide_count_is_15" time="0.000" /><testcase classname="tests.test_pptx_export.TestSourceCode" name="test_source_no_dashboard_style_imports" time="0.000" /><testcase classname="tests.test_v2_features.TestTenants" name="test_upload_tenants_csv" time="48.316" /><testcase classname="tests.test_v2_features.TestPPTX" name="test_export_pptx_all_tenants" time="48.381" /><testcase classname="tests.test_v2_features.TestTenants" name="test_upload_tenants_csv_missing_columns" time="55.102" /><testcase classname="tests.test_v2_features.TestPPTX" name="test_export_pptx_acme_branding" time="55.101" /><testcase classname="tests.test_v2_features.TestPPTX" name="test_export_pptx_filename" time="357.067" /><testcase classname="tests.test_v2_features.TestEmail" name="test_send_email_console_mode" time="100.642" /><testcase classname="tests.test_v2_features.TestEmail" name="test_send_email_no_attachment" time="55.967" /><testcase classname="tests.test_v2_features.TestEmail" name="test_email_history_returns_records" time="60.256"><failure message="assert 502 == 200&#10; +  where 502 = &lt;Response [502]&gt;.status_code">tests/test_v2_features.py:278: in test_email_history_returns_records
    assert r.status_code == 200
E   assert 502 == 200
E    +  where 502 = &lt;Response [502]&gt;.status_code</failure></testcase><testcase classname="tests.test_v2_features.TestEmail" name="test_email_send_requires_auth" time="42.182" /><testcase classname="tests.test_v2_features.TestAI" name="test_ai_status" time="0.225" /><testcase classname="tests.test_v2_features.TestAI" name="test_ai_status_requires_auth" time="0.223" /><testcase classname="tests.test_v2_features.TestAI" name="test_ai_insights_returns_reasoning" time="97.309" /><testcase classname="tests.backend_test.TestHealth" name="test_root" time="0.245" /><testcase classname="tests.test_v2_features.TestPPTX" name="test_export_pptx_requires_auth" time="0.113" /><testcase classname="tests.test_v2_features.TestTenantScopedDashboards" name="test_executive_all_vs_acme_differ" time="0.260" /><testcase classname="tests.test_v2_features.TestTenantScopedDashboards" name="test_executive_acme_vs_globalbank_differ" time="0.230" /><testcase classname="tests.test_v2_features.TestTenantScopedDashboards" name="test_unknown_tenant_falls_back_to_all" time="0.130" /></testsuite></testsuites>