<?xml version="1.0" encoding="utf-8"?><testsuites name="pytest tests"><testsuite name="pytest" errors="0" failures="0" skipped="0" tests="4" time="2.010" timestamp="2026-08-18T16:26:13.895689+00:00" hostname="agent-env-2854a6bd-b623-4ff1-a815-a449273aa807"><testcase classname="tests.test_severity_repeat_yoy" name="test_severity_mix_only_high_medium_low" time="1.224" /><testcase classname="tests.test_severity_repeat_yoy" name="test_repeat_incidents_count" time="0.137" /><testcase classname="tests.test_severity_repeat_yoy" name="test_yoy_deltas" time="0.239" /><testcase classname="tests.test_severity_repeat_yoy" name="test_empty_tenant_still_ok" time="0.354" /></testsuite></testsuites>