<?xml version="1.0" encoding="utf-8"?><testsuites name="pytest tests"><testsuite name="pytest" errors="0" failures="0" skipped="0" tests="6" time="1.797" timestamp="2026-08-18T14:19:07.527582+00:00" hostname="agent-env-2854a6bd-b623-4ff1-a815-a449273aa807"><testcase classname="tests.test_upload_binding" name="test_qradar_upload_bound_zero_with_warning" time="0.709" /><testcase classname="tests.test_upload_binding" name="test_xsoar_happy_path" time="0.248" /><testcase classname="tests.test_upload_binding" name="test_ti_happy_path" time="0.294" /><testcase classname="tests.test_upload_binding" name="test_ti_bad_columns_warns" time="0.172" /><testcase classname="tests.test_upload_binding" name="test_xsoar_bad_columns_warns" time="0.160" /><testcase classname="tests.test_upload_binding" name="test_cleanup" time="0.164" /></testsuite></testsuites>