<?xml version="1.0" encoding="utf-8"?><testsuites name="pytest tests"><testsuite name="pytest" errors="0" failures="0" skipped="0" tests="7" time="2.341" timestamp="2026-08-18T14:31:41.902331+00:00" hostname="agent-env-2854a6bd-b623-4ff1-a815-a449273aa807"><testcase classname="tests.test_upload_binding" name="test_qradar_upload_bound_zero_with_warning" time="0.729" /><testcase classname="tests.test_upload_binding" name="test_xsoar_happy_path" time="0.266" /><testcase classname="tests.test_upload_binding" name="test_ti_happy_path" time="0.289" /><testcase classname="tests.test_upload_binding" name="test_ti_welspun_real_file" time="0.470" /><testcase classname="tests.test_upload_binding" name="test_ti_bad_columns_warns" time="0.159" /><testcase classname="tests.test_upload_binding" name="test_xsoar_bad_columns_warns" time="0.151" /><testcase classname="tests.test_upload_binding" name="test_cleanup" time="0.227" /></testsuite></testsuites>